This file contains any messages produced by compilers while
running configure, to aid debugging if configure makes a mistake.

It was created by fuego configure 1.1.SVN, which was
generated by GNU Autoconf 2.69.  Invocation command line was

  $ ./configure --with-boost-libdir=/usr/lib/x86_64-linux-gnu LDFLAGS=-pthread

## --------- ##
## Platform. ##
## --------- ##

hostname = aldenv104
uname -m = x86_64
uname -r = 4.4.0-38-generic
uname -s = Linux
uname -v = #57-Ubuntu SMP Tue Sep 6 15:42:33 UTC 2016

/usr/bin/uname -p = unknown
/bin/uname -X     = unknown

/bin/arch              = unknown
/usr/bin/arch -k       = unknown
/usr/convex/getsysinfo = unknown
/usr/bin/hostinfo      = unknown
/bin/machine           = unknown
/usr/bin/oslevel       = unknown
/bin/universe          = unknown

PATH: /usr/local/sbin
PATH: /usr/local/bin
PATH: /usr/sbin
PATH: /usr/bin
PATH: /sbin
PATH: /bin
PATH: /usr/games
PATH: /usr/local/games
PATH: /snap/bin
PATH: /opt/lejos-ev3/bin
PATH: /opt/puppetlabs/bin
PATH: /home/h/hawkl/algs4/bin


## ----------- ##
## Core tests. ##
## ----------- ##

configure:2265: checking for a BSD-compatible install
configure:2333: result: /usr/bin/install -c
configure:2344: checking whether build environment is sane
configure:2399: result: yes
configure:2550: checking for a thread-safe mkdir -p
configure:2589: result: /bin/mkdir -p
configure:2596: checking for gawk
configure:2612: found /usr/bin/gawk
configure:2623: result: gawk
configure:2634: checking whether make sets $(MAKE)
configure:2656: result: yes
configure:2685: checking whether make supports nested variables
configure:2702: result: yes
configure:2829: checking whether to enable maintainer-specific portions of Makefiles
configure:2838: result: no
configure:2909: checking for g++
configure:2925: found /usr/bin/g++
configure:2936: result: g++
configure:2963: checking for C++ compiler version
configure:2972: g++ --version >&5
g++ (Ubuntu 5.4.0-6ubuntu1~16.04.2) 5.4.0 20160609
Copyright (C) 2015 Free Software Foundation, Inc.
This is free software; see the source for copying conditions.  There is NO
warranty; not even for MERCHANTABILITY or FITNESS FOR A PARTICULAR PURPOSE.

configure:2983: $? = 0
configure:2972: g++ -v >&5
Using built-in specs.
COLLECT_GCC=g++
COLLECT_LTO_WRAPPER=/usr/lib/gcc/x86_64-linux-gnu/5/lto-wrapper
Target: x86_64-linux-gnu
Configured with: ../src/configure -v --with-pkgversion='Ubuntu 5.4.0-6ubuntu1~16.04.2' --with-bugurl=file:///usr/share/doc/gcc-5/README.Bugs --enable-languages=c,ada,c++,java,go,d,fortran,objc,obj-c++ --prefix=/usr --program-suffix=-5 --enable-shared --enable-linker-build-id --libexecdir=/usr/lib --without-included-gettext --enable-threads=posix --libdir=/usr/lib --enable-nls --with-sysroot=/ --enable-clocale=gnu --enable-libstdcxx-debug --enable-libstdcxx-time=yes --with-default-libstdcxx-abi=new --enable-gnu-unique-object --disable-vtable-verify --enable-libmpx --enable-plugin --with-system-zlib --disable-browser-plugin --enable-java-awt=gtk --enable-gtk-cairo --with-java-home=/usr/lib/jvm/java-1.5.0-gcj-5-amd64/jre --enable-java-home --with-jvm-root-dir=/usr/lib/jvm/java-1.5.0-gcj-5-amd64 --with-jvm-jar-dir=/usr/lib/jvm-exports/java-1.5.0-gcj-5-amd64 --with-arch-directory=amd64 --with-ecj-jar=/usr/share/java/eclipse-ecj.jar --enable-objc-gc --enable-multiarch --disable-werror --with-arch-32=i686 --with-abi=m64 --with-multilib-list=m32,m64,mx32 --enable-multilib --with-tune=generic --enable-checking=release --build=x86_64-linux-gnu --host=x86_64-linux-gnu --target=x86_64-linux-gnu
Thread model: posix
gcc version 5.4.0 20160609 (Ubuntu 5.4.0-6ubuntu1~16.04.2) 
configure:2983: $? = 0
configure:2972: g++ -V >&5
g++: error: unrecognized command line option '-V'
g++: fatal error: no input files
compilation terminated.
configure:2983: $? = 1
configure:2972: g++ -qversion >&5
g++: error: unrecognized command line option '-qversion'
g++: fatal error: no input files
compilation terminated.
configure:2983: $? = 1
configure:3003: checking whether the C++ compiler works
configure:3025: g++   -pthread conftest.cpp  >&5
configure:3029: $? = 0
configure:3077: result: yes
configure:3080: checking for C++ compiler default output file name
configure:3082: result: a.out
configure:3088: checking for suffix of executables
configure:3095: g++ -o conftest   -pthread conftest.cpp  >&5
configure:3099: $? = 0
configure:3121: result: 
configure:3143: checking whether we are cross compiling
configure:3151: g++ -o conftest   -pthread conftest.cpp  >&5
configure:3155: $? = 0
configure:3162: ./conftest
configure:3166: $? = 0
configure:3181: result: no
configure:3186: checking for suffix of object files
configure:3208: g++ -c   conftest.cpp >&5
configure:3212: $? = 0
configure:3233: result: o
configure:3237: checking whether we are using the GNU C++ compiler
configure:3256: g++ -c   conftest.cpp >&5
configure:3256: $? = 0
configure:3265: result: yes
configure:3274: checking whether g++ accepts -g
configure:3294: g++ -c -g  conftest.cpp >&5
configure:3294: $? = 0
configure:3335: result: yes
configure:3369: checking for style of include used by make
configure:3397: result: GNU
configure:3423: checking dependency style of g++
configure:3534: result: gcc3
configure:3592: checking for ranlib
configure:3608: found /usr/bin/ranlib
configure:3619: result: ranlib
configure:3645: checking build system type
configure:3659: result: x86_64-pc-linux-gnu
configure:3679: checking host system type
configure:3692: result: x86_64-pc-linux-gnu
configure:3761: checking for boostlib >= 1.50.0
configure:3844: g++ -c -g -O2  -I/usr/include conftest.cpp >&5
configure:3844: $? = 0
configure:3846: result: yes
configure:4049: checking for gcc
configure:4065: found /usr/bin/gcc
configure:4076: result: gcc
configure:4305: checking for C compiler version
configure:4314: gcc --version >&5
gcc (Ubuntu 5.4.0-6ubuntu1~16.04.2) 5.4.0 20160609
Copyright (C) 2015 Free Software Foundation, Inc.
This is free software; see the source for copying conditions.  There is NO
warranty; not even for MERCHANTABILITY or FITNESS FOR A PARTICULAR PURPOSE.

configure:4325: $? = 0
configure:4314: gcc -v >&5
Using built-in specs.
COLLECT_GCC=gcc
COLLECT_LTO_WRAPPER=/usr/lib/gcc/x86_64-linux-gnu/5/lto-wrapper
Target: x86_64-linux-gnu
Configured with: ../src/configure -v --with-pkgversion='Ubuntu 5.4.0-6ubuntu1~16.04.2' --with-bugurl=file:///usr/share/doc/gcc-5/README.Bugs --enable-languages=c,ada,c++,java,go,d,fortran,objc,obj-c++ --prefix=/usr --program-suffix=-5 --enable-shared --enable-linker-build-id --libexecdir=/usr/lib --without-included-gettext --enable-threads=posix --libdir=/usr/lib --enable-nls --with-sysroot=/ --enable-clocale=gnu --enable-libstdcxx-debug --enable-libstdcxx-time=yes --with-default-libstdcxx-abi=new --enable-gnu-unique-object --disable-vtable-verify --enable-libmpx --enable-plugin --with-system-zlib --disable-browser-plugin --enable-java-awt=gtk --enable-gtk-cairo --with-java-home=/usr/lib/jvm/java-1.5.0-gcj-5-amd64/jre --enable-java-home --with-jvm-root-dir=/usr/lib/jvm/java-1.5.0-gcj-5-amd64 --with-jvm-jar-dir=/usr/lib/jvm-exports/java-1.5.0-gcj-5-amd64 --with-arch-directory=amd64 --with-ecj-jar=/usr/share/java/eclipse-ecj.jar --enable-objc-gc --enable-multiarch --disable-werror --with-arch-32=i686 --with-abi=m64 --with-multilib-list=m32,m64,mx32 --enable-multilib --with-tune=generic --enable-checking=release --build=x86_64-linux-gnu --host=x86_64-linux-gnu --target=x86_64-linux-gnu
Thread model: posix
gcc version 5.4.0 20160609 (Ubuntu 5.4.0-6ubuntu1~16.04.2) 
configure:4325: $? = 0
configure:4314: gcc -V >&5
gcc: error: unrecognized command line option '-V'
gcc: fatal error: no input files
compilation terminated.
configure:4325: $? = 1
configure:4314: gcc -qversion >&5
gcc: error: unrecognized command line option '-qversion'
gcc: fatal error: no input files
compilation terminated.
configure:4325: $? = 1
configure:4329: checking whether we are using the GNU C compiler
configure:4348: gcc -c   conftest.c >&5
configure:4348: $? = 0
configure:4357: result: yes
configure:4366: checking whether gcc accepts -g
configure:4386: gcc -c -g  conftest.c >&5
configure:4386: $? = 0
configure:4427: result: yes
configure:4444: checking for gcc option to accept ISO C89
configure:4507: gcc  -c -g -O2  conftest.c >&5
configure:4507: $? = 0
configure:4520: result: none needed
configure:4545: checking whether gcc understands -c and -o together
configure:4567: gcc -c conftest.c -o conftest2.o
configure:4570: $? = 0
configure:4567: gcc -c conftest.c -o conftest2.o
configure:4570: $? = 0
configure:4582: result: yes
configure:4601: checking dependency style of gcc
configure:4712: result: gcc3
configure:4760: checking whether the Boost::Thread library is available
configure:4792: g++ -c -pthread -g -O2  -I/usr/include conftest.cpp >&5
configure:4792: $? = 0
configure:4807: result: yes
configure:4836: checking for exit in -lboost_thread
configure:4861: gcc -o conftest -g -O2  -I/usr/include -pthread -L/usr/lib/x86_64-linux-gnu conftest.c -lboost_thread   >&5
conftest.c:20:6: warning: conflicting types for built-in function 'exit'
 char exit ();
      ^
configure:4861: $? = 0
configure:4871: result: yes
configure:5031: checking whether the Boost::System library is available
configure:5056: g++ -c   -pthread -I/usr/include conftest.cpp >&5
configure:5056: $? = 0
configure:5071: result: yes
configure:5086: checking for exit in -lboost_system
configure:5111: gcc -o conftest -g -O2  -pthread -I/usr/include -pthread -L/usr/lib/x86_64-linux-gnu conftest.c -lboost_system   >&5
conftest.c:21:6: warning: conflicting types for built-in function 'exit'
 char exit ();
      ^
configure:5111: $? = 0
configure:5121: result: yes
configure:5272: checking whether the Boost::Date_Time library is available
configure:5296: g++ -c -g -O2  -pthread -I/usr/include conftest.cpp >&5
configure:5296: $? = 0
configure:5310: result: yes
configure:5321: checking for exit in -lboost_date_time
configure:5346: gcc -o conftest -g -O2  -pthread -I/usr/include -pthread -L/usr/lib/x86_64-linux-gnu conftest.c -lboost_date_time   >&5
conftest.c:22:6: warning: conflicting types for built-in function 'exit'
 char exit ();
      ^
configure:5346: $? = 0
configure:5356: result: yes
configure:5505: checking whether the Boost::Filesystem library is available
configure:5529: g++ -c -g -O2  -pthread -I/usr/include conftest.cpp >&5
configure:5529: $? = 0
configure:5543: result: yes
configure:5554: checking for exit in -lboost_filesystem
configure:5579: gcc -o conftest -g -O2  -pthread -I/usr/include -pthread -L/usr/lib/x86_64-linux-gnu conftest.c -lboost_filesystem   -lboost_system >&5
conftest.c:23:6: warning: conflicting types for built-in function 'exit'
 char exit ();
      ^
configure:5579: $? = 0
configure:5589: result: yes
configure:5739: checking whether the Boost::Program_Options library is available
configure:5763: g++ -c -g -O2  -pthread -I/usr/include conftest.cpp >&5
configure:5763: $? = 0
configure:5777: result: yes
configure:5788: checking for exit in -lboost_program_options
configure:5813: gcc -o conftest -g -O2  -pthread -I/usr/include -pthread -L/usr/lib/x86_64-linux-gnu conftest.c -lboost_program_options   >&5
conftest.c:24:6: warning: conflicting types for built-in function 'exit'
 char exit ();
      ^
configure:5813: $? = 0
configure:5823: result: yes
configure:5965: checking whether the Boost::Unit_Test_Framework library is available
configure:5988: g++ -c -g -O2  -pthread -I/usr/include conftest.cpp >&5
configure:5988: $? = 0
configure:6002: result: yes
configure:6129: checking for __sync_synchronize
configure:6135: gcc -o conftest -g -O2  -pthread conftest.c  >&5
configure:6135: $? = 0
configure:6142: result: yes
configure:6214: checking how to run the C preprocessor
configure:6245: gcc -E  conftest.c
configure:6245: $? = 0
configure:6259: gcc -E  conftest.c
conftest.c:20:28: fatal error: ac_nonexistent.h: No such file or directory
compilation terminated.
configure:6259: $? = 1
configure: failed program was:
| /* confdefs.h */
| #define PACKAGE_NAME "fuego"
| #define PACKAGE_TARNAME "fuego"
| #define PACKAGE_VERSION "1.1.SVN"
| #define PACKAGE_STRING "fuego 1.1.SVN"
| #define PACKAGE_BUGREPORT ""
| #define PACKAGE_URL ""
| #define PACKAGE "fuego"
| #define VERSION "1.1.SVN"
| #define HAVE_BOOST /**/
| #define HAVE_BOOST_THREAD /**/
| #define HAVE_BOOST_SYSTEM /**/
| #define HAVE_BOOST_DATE_TIME /**/
| #define HAVE_BOOST_FILESYSTEM /**/
| #define HAVE_BOOST_PROGRAM_OPTIONS /**/
| #define HAVE_BOOST_UNIT_TEST_FRAMEWORK /**/
| #define HAVE_SYNC_SYNCHRONIZE 1
| #define HOST_CPU "x86_64"
| /* end confdefs.h.  */
| #include <ac_nonexistent.h>
configure:6284: result: gcc -E
configure:6304: gcc -E  conftest.c
configure:6304: $? = 0
configure:6318: gcc -E  conftest.c
conftest.c:20:28: fatal error: ac_nonexistent.h: No such file or directory
compilation terminated.
configure:6318: $? = 1
configure: failed program was:
| /* confdefs.h */
| #define PACKAGE_NAME "fuego"
| #define PACKAGE_TARNAME "fuego"
| #define PACKAGE_VERSION "1.1.SVN"
| #define PACKAGE_STRING "fuego 1.1.SVN"
| #define PACKAGE_BUGREPORT ""
| #define PACKAGE_URL ""
| #define PACKAGE "fuego"
| #define VERSION "1.1.SVN"
| #define HAVE_BOOST /**/
| #define HAVE_BOOST_THREAD /**/
| #define HAVE_BOOST_SYSTEM /**/
| #define HAVE_BOOST_DATE_TIME /**/
| #define HAVE_BOOST_FILESYSTEM /**/
| #define HAVE_BOOST_PROGRAM_OPTIONS /**/
| #define HAVE_BOOST_UNIT_TEST_FRAMEWORK /**/
| #define HAVE_SYNC_SYNCHRONIZE 1
| #define HOST_CPU "x86_64"
| /* end confdefs.h.  */
| #include <ac_nonexistent.h>
configure:6347: checking for grep that handles long lines and -e
configure:6405: result: /bin/grep
configure:6410: checking for egrep
configure:6472: result: /bin/grep -E
configure:6477: checking for ANSI C header files
configure:6497: gcc -c -g -O2  conftest.c >&5
configure:6497: $? = 0
configure:6570: gcc -o conftest -g -O2  -pthread conftest.c  >&5
configure:6570: $? = 0
configure:6570: ./conftest
configure:6570: $? = 0
configure:6581: result: yes
configure:6594: checking for sys/types.h
configure:6594: gcc -c -g -O2  conftest.c >&5
configure:6594: $? = 0
configure:6594: result: yes
configure:6594: checking for sys/stat.h
configure:6594: gcc -c -g -O2  conftest.c >&5
configure:6594: $? = 0
configure:6594: result: yes
configure:6594: checking for stdlib.h
configure:6594: gcc -c -g -O2  conftest.c >&5
configure:6594: $? = 0
configure:6594: result: yes
configure:6594: checking for string.h
configure:6594: gcc -c -g -O2  conftest.c >&5
configure:6594: $? = 0
configure:6594: result: yes
configure:6594: checking for memory.h
configure:6594: gcc -c -g -O2  conftest.c >&5
configure:6594: $? = 0
configure:6594: result: yes
configure:6594: checking for strings.h
configure:6594: gcc -c -g -O2  conftest.c >&5
configure:6594: $? = 0
configure:6594: result: yes
configure:6594: checking for inttypes.h
configure:6594: gcc -c -g -O2  conftest.c >&5
configure:6594: $? = 0
configure:6594: result: yes
configure:6594: checking for stdint.h
configure:6594: gcc -c -g -O2  conftest.c >&5
configure:6594: $? = 0
configure:6594: result: yes
configure:6594: checking for unistd.h
configure:6594: gcc -c -g -O2  conftest.c >&5
configure:6594: $? = 0
configure:6594: result: yes
configure:6608: checking sys/sysctl.h usability
configure:6608: gcc -c -g -O2  conftest.c >&5
configure:6608: $? = 0
configure:6608: result: yes
configure:6608: checking sys/sysctl.h presence
configure:6608: gcc -E  conftest.c
configure:6608: $? = 0
configure:6608: result: yes
configure:6608: checking for sys/sysctl.h
configure:6608: result: yes
configure:6618: checking CXXFLAGS for maximum warnings
configure:6644: g++ -c -g -O2 -DNDEBUG -pedantic  -Wall  conftest.cpp >&5
configure:6644: $? = 0
configure:6658: result: -Wall
configure:6671: : CXXFLAGS="$CXXFLAGS $ax_cv_cxxflags_warn_all"
configure:6674: $? = 0
configure:6681: checking CXXFLAGS for gcc -Wextra
configure:6708: g++ -c -g -O2 -DNDEBUG -Wall -pedantic -Werror  -Wextra  conftest.cpp >&5
configure:6708: $? = 0
configure:6722: result: -Wextra
configure:6735: : CXXFLAGS="$CXXFLAGS $var"
configure:6738: $? = 0
configure:6857: checking that generated files are newer than configure
configure:6863: result: done
configure:6894: creating ./config.status

## ---------------------- ##
## Running config.status. ##
## ---------------------- ##

This file was extended by fuego config.status 1.1.SVN, which was
generated by GNU Autoconf 2.69.  Invocation command line was

  CONFIG_FILES    = 
  CONFIG_HEADERS  = 
  CONFIG_LINKS    = 
  CONFIG_COMMANDS = 
  $ ./config.status 

on aldenv104

config.status:901: creating Makefile
config.status:901: creating book/Makefile
config.status:901: creating regression/Makefile
config.status:901: creating misctests/Makefile
config.status:901: creating fuegomain/Makefile
config.status:901: creating fuegotest/Makefile
config.status:901: creating go/Makefile
config.status:901: creating gouct/Makefile
config.status:901: creating gtpengine/Makefile
config.status:901: creating features/Makefile
config.status:901: creating simpleplayers/Makefile
config.status:901: creating smartgame/Makefile
config.status:901: creating unittestmain/Makefile
config.status:901: creating config.h
config.status:1082: config.h is unchanged
config.status:1130: executing depfiles commands

## ---------------- ##
## Cache variables. ##
## ---------------- ##

ac_cv_build=x86_64-pc-linux-gnu
ac_cv_c_compiler_gnu=yes
ac_cv_cxx_compiler_gnu=yes
ac_cv_env_CCC_set=
ac_cv_env_CCC_value=
ac_cv_env_CC_set=
ac_cv_env_CC_value=
ac_cv_env_CFLAGS_set=
ac_cv_env_CFLAGS_value=
ac_cv_env_CPPFLAGS_set=
ac_cv_env_CPPFLAGS_value=
ac_cv_env_CPP_set=
ac_cv_env_CPP_value=
ac_cv_env_CXXFLAGS_set=
ac_cv_env_CXXFLAGS_value=
ac_cv_env_CXX_set=
ac_cv_env_CXX_value=
ac_cv_env_LDFLAGS_set=set
ac_cv_env_LDFLAGS_value=-pthread
ac_cv_env_LIBS_set=
ac_cv_env_LIBS_value=
ac_cv_env_build_alias_set=
ac_cv_env_build_alias_value=
ac_cv_env_host_alias_set=
ac_cv_env_host_alias_value=
ac_cv_env_target_alias_set=
ac_cv_env_target_alias_value=
ac_cv_header_inttypes_h=yes
ac_cv_header_memory_h=yes
ac_cv_header_stdc=yes
ac_cv_header_stdint_h=yes
ac_cv_header_stdlib_h=yes
ac_cv_header_string_h=yes
ac_cv_header_strings_h=yes
ac_cv_header_sys_stat_h=yes
ac_cv_header_sys_sysctl_h=yes
ac_cv_header_sys_types_h=yes
ac_cv_header_unistd_h=yes
ac_cv_host=x86_64-pc-linux-gnu
ac_cv_lib_boost_date_time___exit=yes
ac_cv_lib_boost_filesystem___exit=yes
ac_cv_lib_boost_program_options___exit=yes
ac_cv_lib_boost_system___exit=yes
ac_cv_lib_boost_thread___exit=yes
ac_cv_objext=o
ac_cv_path_EGREP='/bin/grep -E'
ac_cv_path_GREP=/bin/grep
ac_cv_path_install='/usr/bin/install -c'
ac_cv_path_mkdir=/bin/mkdir
ac_cv_prog_AWK=gawk
ac_cv_prog_CPP='gcc -E'
ac_cv_prog_ac_ct_CC=gcc
ac_cv_prog_ac_ct_CXX=g++
ac_cv_prog_ac_ct_RANLIB=ranlib
ac_cv_prog_cc_c89=
ac_cv_prog_cc_g=yes
ac_cv_prog_cxx_g=yes
ac_cv_prog_make_make_set=yes
am_cv_CC_dependencies_compiler_type=gcc3
am_cv_CXX_dependencies_compiler_type=gcc3
am_cv_make_support_nested_variables=yes
am_cv_prog_cc_c_o=yes
ax_cv_boost_date_time=yes
ax_cv_boost_filesystem=yes
ax_cv_boost_program_options=yes
ax_cv_boost_system=yes
ax_cv_boost_thread=yes
ax_cv_boost_unit_test_framework=yes
ax_cv_cxxflags_gcc_option__Wextra=-Wextra
ax_cv_cxxflags_warn_all=-Wall

## ----------------- ##
## Output variables. ##
## ----------------- ##

ACLOCAL='${SHELL} /home/h/hawkl/Documents/Thesis/thesis-code-hawkl/relevant-projects/fuego/missing aclocal-1.15'
AMDEPBACKSLASH='\'
AMDEP_FALSE='#'
AMDEP_TRUE=''
AMTAR='$${TAR-tar}'
AM_BACKSLASH='\'
AM_DEFAULT_V='$(AM_DEFAULT_VERBOSITY)'
AM_DEFAULT_VERBOSITY='1'
AM_V='$(V)'
AUTOCONF='${SHELL} /home/h/hawkl/Documents/Thesis/thesis-code-hawkl/relevant-projects/fuego/missing autoconf'
AUTOHEADER='${SHELL} /home/h/hawkl/Documents/Thesis/thesis-code-hawkl/relevant-projects/fuego/missing autoheader'
AUTOMAKE='${SHELL} /home/h/hawkl/Documents/Thesis/thesis-code-hawkl/relevant-projects/fuego/missing automake-1.15'
AWK='gawk'
BOOST_CPPFLAGS='-pthread -I/usr/include'
BOOST_DATE_TIME_LIB='-lboost_date_time'
BOOST_FILESYSTEM_LIB='-lboost_filesystem'
BOOST_LDFLAGS='-L/usr/lib/x86_64-linux-gnu'
BOOST_PROGRAM_OPTIONS_LIB='-lboost_program_options'
BOOST_SYSTEM_LIB='-lboost_system'
BOOST_THREAD_LIB='-lboost_thread'
BOOST_UNIT_TEST_FRAMEWORK_LIB='-lboost_unit_test_framework'
CC='gcc'
CCDEPMODE='depmode=gcc3'
CFLAGS='-g -O2'
CPP='gcc -E'
CPPFLAGS=''
CXX='g++'
CXXDEPMODE='depmode=gcc3'
CXXFLAGS='-g -O2 -DNDEBUG -Wall -Wextra'
CYGPATH_W='echo'
DEFS='-DHAVE_CONFIG_H'
DEPDIR='.deps'
ECHO_C=''
ECHO_N='-n'
ECHO_T=''
EGREP='/bin/grep -E'
EXEEXT=''
GREP='/bin/grep'
INSTALL_DATA='${INSTALL} -m 644'
INSTALL_PROGRAM='${INSTALL}'
INSTALL_SCRIPT='${INSTALL}'
INSTALL_STRIP_PROGRAM='$(install_sh) -c -s'
LDFLAGS='-pthread'
LIBOBJS=''
LIBS=''
LTLIBOBJS=''
MAINT='#'
MAINTAINER_MODE_FALSE=''
MAINTAINER_MODE_TRUE='#'
MAKEINFO='${SHELL} /home/h/hawkl/Documents/Thesis/thesis-code-hawkl/relevant-projects/fuego/missing makeinfo'
MKDIR_P='/bin/mkdir -p'
OBJEXT='o'
PACKAGE='fuego'
PACKAGE_BUGREPORT=''
PACKAGE_NAME='fuego'
PACKAGE_STRING='fuego 1.1.SVN'
PACKAGE_TARNAME='fuego'
PACKAGE_URL=''
PACKAGE_VERSION='1.1.SVN'
PATH_SEPARATOR=':'
RANLIB='ranlib'
SET_MAKE=''
SHELL='/bin/bash'
STRIP=''
VERSION='1.1.SVN'
ac_ct_CC='gcc'
ac_ct_CXX='g++'
am__EXEEXT_FALSE=''
am__EXEEXT_TRUE='#'
am__fastdepCC_FALSE='#'
am__fastdepCC_TRUE=''
am__fastdepCXX_FALSE='#'
am__fastdepCXX_TRUE=''
am__include='include'
am__isrc=''
am__leading_dot='.'
am__nodep='_no'
am__quote=''
am__tar='$${TAR-tar} chof - "$$tardir"'
am__untar='$${TAR-tar} xf -'
bindir='${exec_prefix}/bin'
build='x86_64-pc-linux-gnu'
build_alias=''
build_cpu='x86_64'
build_os='linux-gnu'
build_vendor='pc'
datadir='${datarootdir}'
datarootdir='${prefix}/share'
docdir='${datarootdir}/doc/${PACKAGE_TARNAME}'
dvidir='${docdir}'
exec_prefix='${prefix}'
host='x86_64-pc-linux-gnu'
host_alias=''
host_cpu='x86_64'
host_os='linux-gnu'
host_vendor='pc'
htmldir='${docdir}'
includedir='${prefix}/include'
infodir='${datarootdir}/info'
install_sh='${SHELL} /home/h/hawkl/Documents/Thesis/thesis-code-hawkl/relevant-projects/fuego/install-sh'
libdir='${exec_prefix}/lib'
libexecdir='${exec_prefix}/libexec'
localedir='${datarootdir}/locale'
localstatedir='${prefix}/var'
mandir='${datarootdir}/man'
mkdir_p='$(MKDIR_P)'
oldincludedir='/usr/include'
pdfdir='${docdir}'
prefix='/usr/local'
program_transform_name='s,x,x,'
psdir='${docdir}'
runstatedir='${localstatedir}/run'
sbindir='${exec_prefix}/sbin'
sharedstatedir='${prefix}/com'
sysconfdir='${prefix}/etc'
target_alias=''

## ----------- ##
## confdefs.h. ##
## ----------- ##

/* confdefs.h */
#define PACKAGE_NAME "fuego"
#define PACKAGE_TARNAME "fuego"
#define PACKAGE_VERSION "1.1.SVN"
#define PACKAGE_STRING "fuego 1.1.SVN"
#define PACKAGE_BUGREPORT ""
#define PACKAGE_URL ""
#define PACKAGE "fuego"
#define VERSION "1.1.SVN"
#define HAVE_BOOST /**/
#define HAVE_BOOST_THREAD /**/
#define HAVE_BOOST_SYSTEM /**/
#define HAVE_BOOST_DATE_TIME /**/
#define HAVE_BOOST_FILESYSTEM /**/
#define HAVE_BOOST_PROGRAM_OPTIONS /**/
#define HAVE_BOOST_UNIT_TEST_FRAMEWORK /**/
#define HAVE_SYNC_SYNCHRONIZE 1
#define HOST_CPU "x86_64"
#define STDC_HEADERS 1
#define HAVE_SYS_TYPES_H 1
#define HAVE_SYS_STAT_H 1
#define HAVE_STDLIB_H 1
#define HAVE_STRING_H 1
#define HAVE_MEMORY_H 1
#define HAVE_STRINGS_H 1
#define HAVE_INTTYPES_H 1
#define HAVE_STDINT_H 1
#define HAVE_UNISTD_H 1
#define HAVE_SYS_SYSCTL_H 1

configure: exit 0
