This is pdfTeX, Version 3.14159265-2.6-1.40.16 (TeX Live 2015/Debian) (preloaded format=pdflatex 2016.8.15)  4 APR 2017 13:04
entering extended mode
 restricted \write18 enabled.
 %&-line parsing enabled.
**AllegThesis.tex
(./AllegThesis.tex
LaTeX2e <2016/02/01>
Babel <3.9q> and hyphenation patterns for 81 language(s) loaded.
(/usr/share/texlive/texmf-dist/tex/latex/base/report.cls
Document Class: report 2014/09/29 v1.4h Standard LaTeX document class
(/usr/share/texlive/texmf-dist/tex/latex/base/size12.clo
File: size12.clo 2014/09/29 v1.4h Standard LaTeX file (size option)
)
\c@part=\count79
\c@chapter=\count80
\c@section=\count81
\c@subsection=\count82
\c@subsubsection=\count83
\c@paragraph=\count84
\c@subparagraph=\count85
\c@figure=\count86
\c@table=\count87
\abovecaptionskip=\skip41
\belowcaptionskip=\skip42
\bibindent=\dimen102
) (./gatorthesis.sty
Package: gatorthesis 1997/11/25

Allegheny Thesis Style, $Revision: 1.0 $, by Andrew Thall (athall@allegheny.edu
)
(/usr/share/texlive/texmf-dist/tex/latex/base/ifthen.sty
Package: ifthen 2014/09/29 v1.1c Standard LaTeX ifthen package (DPC)
) (./doublespace.sty)
(/usr/share/texlive/texmf-dist/tex/latex/comment/comment.sty
\CommentStream=\write3

Excluding comment 'comment')
\gator@hour=\count88
\gator@minute=\count89
\@shortcaptionsize=\skip43

Margins (in inches):
\gator@tmp=\count90
\gator@inches=\count91
\gator@hundredths=\count92
 textheight = 8.81
 topmargin = 0.0-50
 headheight = 0.14
 headsep = 0.50
 voffset = 0.00
 footskip = 0.57
 textwidth = 6.02
 oddsidemargin = 0.50
 evensidemargin = 0.50
 hoffset = 0.00
 marginparwidth = 0.36
 marginparsep = 0.13
) (/usr/share/texlive/texmf-dist/tex/latex/amsmath/amsmath.sty
Package: amsmath 2016/03/03 v2.15a AMS math features
\@mathmargin=\skip44

For additional information on amsmath, use the `?' option.
(/usr/share/texlive/texmf-dist/tex/latex/amsmath/amstext.sty
Package: amstext 2000/06/29 v2.01 AMS text

(/usr/share/texlive/texmf-dist/tex/latex/amsmath/amsgen.sty
File: amsgen.sty 1999/11/30 v2.0 generic functions
\@emptytoks=\toks14
\ex@=\dimen103
))
(/usr/share/texlive/texmf-dist/tex/latex/amsmath/amsbsy.sty
Package: amsbsy 1999/11/29 v1.2d Bold Symbols
\pmbraise@=\dimen104
)
(/usr/share/texlive/texmf-dist/tex/latex/amsmath/amsopn.sty
Package: amsopn 1999/12/14 v2.01 operator names
)
\inf@bad=\count93
LaTeX Info: Redefining \frac on input line 199.
\uproot@=\count94
\leftroot@=\count95
LaTeX Info: Redefining \overline on input line 297.
\classnum@=\count96
\DOTSCASE@=\count97
LaTeX Info: Redefining \ldots on input line 394.
LaTeX Info: Redefining \dots on input line 397.
LaTeX Info: Redefining \cdots on input line 518.
\Mathstrutbox@=\box26
\strutbox@=\box27
\big@size=\dimen105
LaTeX Font Info:    Redeclaring font encoding OML on input line 630.
LaTeX Font Info:    Redeclaring font encoding OMS on input line 631.
\macc@depth=\count98
\c@MaxMatrixCols=\count99
\dotsspace@=\muskip10
\c@parentequation=\count100
\dspbrk@lvl=\count101
\tag@help=\toks15
\row@=\count102
\column@=\count103
\maxfields@=\count104
\andhelp@=\toks16
\eqnshift@=\dimen106
\alignsep@=\dimen107
\tagshift@=\dimen108
\tagwidth@=\dimen109
\totwidth@=\dimen110
\lineht@=\dimen111
\@envbody=\toks17
\multlinegap=\skip45
\multlinetaggap=\skip46
\mathdisplay@stack=\toks18
LaTeX Info: Redefining \[ on input line 2735.
LaTeX Info: Redefining \] on input line 2736.
)
(/usr/share/texlive/texmf-dist/tex/latex/amsfonts/amssymb.sty
Package: amssymb 2013/01/14 v3.01 AMS font symbols

(/usr/share/texlive/texmf-dist/tex/latex/amsfonts/amsfonts.sty
Package: amsfonts 2013/01/14 v3.01 Basic AMSFonts support
\symAMSa=\mathgroup4
\symAMSb=\mathgroup5
LaTeX Font Info:    Overwriting math alphabet `\mathfrak' in version `bold'
(Font)                  U/euf/m/n --> U/euf/b/n on input line 106.
))
(/usr/share/texlive/texmf-dist/tex/latex/graphics/epsfig.sty
Package: epsfig 1999/02/16 v1.7a (e)psfig emulation (SPQR)

(/usr/share/texlive/texmf-dist/tex/latex/graphics/graphicx.sty
Package: graphicx 2014/10/28 v1.0g Enhanced LaTeX Graphics (DPC,SPQR)

(/usr/share/texlive/texmf-dist/tex/latex/graphics/keyval.sty
Package: keyval 2014/10/28 v1.15 key=value parser (DPC)
\KV@toks@=\toks19
)
(/usr/share/texlive/texmf-dist/tex/latex/graphics/graphics.sty
Package: graphics 2016/01/03 v1.0q Standard LaTeX Graphics (DPC,SPQR)

(/usr/share/texlive/texmf-dist/tex/latex/graphics/trig.sty
Package: trig 2016/01/03 v1.10 sin cos tan (DPC)
)
(/usr/share/texlive/texmf-dist/tex/latex/latexconfig/graphics.cfg
File: graphics.cfg 2010/04/23 v1.9 graphics configuration of TeX Live
)
Package graphics Info: Driver file: pdftex.def on input line 95.

(/usr/share/texlive/texmf-dist/tex/latex/pdftex-def/pdftex.def
File: pdftex.def 2011/05/27 v0.06d Graphics/color for pdfTeX

(/usr/share/texlive/texmf-dist/tex/generic/oberdiek/infwarerr.sty
Package: infwarerr 2010/04/08 v1.3 Providing info/warning/error messages (HO)
)
(/usr/share/texlive/texmf-dist/tex/generic/oberdiek/ltxcmds.sty
Package: ltxcmds 2011/11/09 v1.22 LaTeX kernel commands for general use (HO)
)
\Gread@gobject=\count105
))
\Gin@req@height=\dimen112
\Gin@req@width=\dimen113
)
\epsfxsize=\dimen114
\epsfysize=\dimen115
)
(/usr/share/texlive/texmf-dist/tex/latex/url/url.sty
\Urlmuskip=\muskip11
Package: url 2013/09/16  ver 3.4  Verb mode for urls, etc.
)
(/usr/share/texlive/texmf-dist/tex/latex/listings/listings.sty
\lst@mode=\count106
\lst@gtempboxa=\box28
\lst@token=\toks20
\lst@length=\count107
\lst@currlwidth=\dimen116
\lst@column=\count108
\lst@pos=\count109
\lst@lostspace=\dimen117
\lst@width=\dimen118
\lst@newlines=\count110
\lst@lineno=\count111
\lst@maxwidth=\dimen119

(/usr/share/texlive/texmf-dist/tex/latex/listings/lstmisc.sty
File: lstmisc.sty 2015/06/04 1.6 (Carsten Heinz)
\c@lstnumber=\count112
\lst@skipnumbers=\count113
\lst@framebox=\box29
)
(/usr/share/texlive/texmf-dist/tex/latex/listings/listings.cfg
File: listings.cfg 2015/06/04 1.6 listings configuration
))
Package: listings 2015/06/04 1.6 (Carsten Heinz)

(/usr/share/texlive/texmf-dist/tex/latex/algorithm2e/algorithm2e.sty
Package: algorithm2e 2013/01/06 v5.00 algorithms environments
\c@AlgoLine=\count114
\algocf@hangindent=\skip47

(/usr/share/texlive/texmf-dist/tex/latex/tools/xspace.sty
Package: xspace 2014/10/28 v1.13 Space after command names (DPC,MH)
LaTeX Info: Redefining \xspace on input line 44.
)
(/usr/share/texlive/texmf-dist/tex/latex/relsize/relsize.sty
Package: relsize 2013/03/29 ver 4.1
)
********************************************************
Package `algorithm2e' Release 5.1 -- october 19 2015 --
- algorithm2e-announce@lirmm.fr mailing list for announcement about releases
- algorithm2e-discussion@lirmm.fr mailing list for discussion about package
subscribe by emailing sympa@lirmm.fr with 'subscribe <list> <firstname name>'
- Author: Christophe Fiorio (christophe.fiorio@umontpellier.fr)
********************************************************
\skiptotal=\skip48
\skiplinenumber=\skip49
\skiprule=\skip50
\skiphlne=\skip51
\skiptext=\skip52
\skiplength=\skip53
\algomargin=\skip54
\skipalgocfslide=\skip55
\algowidth=\dimen120
\inoutsize=\dimen121
\inoutindent=\dimen122
\interspacetitleruled=\dimen123
\interspacealgoruled=\dimen124
\interspacetitleboxruled=\dimen125
\algocf@ruledwidth=\skip56
\algocf@inoutbox=\box30
\algocf@inputbox=\box31
\AlCapSkip=\skip57
\AlCapHSkip=\skip58
\algoskipindent=\skip59
\algocf@nlbox=\box32
\algocf@hangingbox=\box33
\algocf@untilbox=\box34
\algocf@skipuntil=\skip60
\algocf@capbox=\box35
\algoheightruledefault=\skip61
\algoheightrule=\skip62
\algotitleheightruledefault=\skip63
\algotitleheightrule=\skip64
\c@algocfline=\count115
\c@algocfproc=\count116
\c@algocf=\count117
\algocf@algoframe=\box36
\algocf@algobox=\box37
) (/usr/share/texlive/texmf-dist/tex/latex/pgf/frontendlayer/tikz.sty
(/usr/share/texlive/texmf-dist/tex/latex/pgf/basiclayer/pgf.sty
(/usr/share/texlive/texmf-dist/tex/latex/pgf/utilities/pgfrcs.sty
(/usr/share/texlive/texmf-dist/tex/generic/pgf/utilities/pgfutil-common.tex
\pgfutil@everybye=\toks21
\pgfutil@tempdima=\dimen126
\pgfutil@tempdimb=\dimen127

(/usr/share/texlive/texmf-dist/tex/generic/pgf/utilities/pgfutil-common-lists.t
ex)) (/usr/share/texlive/texmf-dist/tex/generic/pgf/utilities/pgfutil-latex.def
\pgfutil@abb=\box38
(/usr/share/texlive/texmf-dist/tex/latex/ms/everyshi.sty
Package: everyshi 2001/05/15 v3.00 EveryShipout Package (MS)
))
(/usr/share/texlive/texmf-dist/tex/generic/pgf/utilities/pgfrcs.code.tex
Package: pgfrcs 2015/08/07 v3.0.1a (rcs-revision 1.31)
))
Package: pgf 2015/08/07 v3.0.1a (rcs-revision 1.15)

(/usr/share/texlive/texmf-dist/tex/latex/pgf/basiclayer/pgfcore.sty
(/usr/share/texlive/texmf-dist/tex/latex/pgf/systemlayer/pgfsys.sty
(/usr/share/texlive/texmf-dist/tex/generic/pgf/systemlayer/pgfsys.code.tex
Package: pgfsys 2014/07/09 v3.0.1a (rcs-revision 1.48)

(/usr/share/texlive/texmf-dist/tex/generic/pgf/utilities/pgfkeys.code.tex
\pgfkeys@pathtoks=\toks22
\pgfkeys@temptoks=\toks23

(/usr/share/texlive/texmf-dist/tex/generic/pgf/utilities/pgfkeysfiltered.code.t
ex
\pgfkeys@tmptoks=\toks24
))
\pgf@x=\dimen128
\pgf@y=\dimen129
\pgf@xa=\dimen130
\pgf@ya=\dimen131
\pgf@xb=\dimen132
\pgf@yb=\dimen133
\pgf@xc=\dimen134
\pgf@yc=\dimen135
\w@pgf@writea=\write4
\r@pgf@reada=\read1
\c@pgf@counta=\count118
\c@pgf@countb=\count119
\c@pgf@countc=\count120
\c@pgf@countd=\count121
\t@pgf@toka=\toks25
\t@pgf@tokb=\toks26
\t@pgf@tokc=\toks27
 (/usr/share/texlive/texmf-dist/tex/generic/pgf/systemlayer/pgf.cfg
File: pgf.cfg 2008/05/14  (rcs-revision 1.7)
)
Driver file for pgf: pgfsys-pdftex.def

(/usr/share/texlive/texmf-dist/tex/generic/pgf/systemlayer/pgfsys-pdftex.def
File: pgfsys-pdftex.def 2014/10/11  (rcs-revision 1.35)

(/usr/share/texlive/texmf-dist/tex/generic/pgf/systemlayer/pgfsys-common-pdf.de
f
File: pgfsys-common-pdf.def 2013/10/10  (rcs-revision 1.13)
)))
(/usr/share/texlive/texmf-dist/tex/generic/pgf/systemlayer/pgfsyssoftpath.code.
tex
File: pgfsyssoftpath.code.tex 2013/09/09  (rcs-revision 1.9)
\pgfsyssoftpath@smallbuffer@items=\count122
\pgfsyssoftpath@bigbuffer@items=\count123
)
(/usr/share/texlive/texmf-dist/tex/generic/pgf/systemlayer/pgfsysprotocol.code.
tex
File: pgfsysprotocol.code.tex 2006/10/16  (rcs-revision 1.4)
)) (/usr/share/texlive/texmf-dist/tex/latex/xcolor/xcolor.sty
Package: xcolor 2007/01/21 v2.11 LaTeX color extensions (UK)

(/usr/share/texlive/texmf-dist/tex/latex/latexconfig/color.cfg
File: color.cfg 2007/01/18 v1.5 color configuration of teTeX/TeXLive
)
Package xcolor Info: Driver file: pdftex.def on input line 225.
Package xcolor Info: Model `cmy' substituted by `cmy0' on input line 1337.
Package xcolor Info: Model `hsb' substituted by `rgb' on input line 1341.
Package xcolor Info: Model `RGB' extended on input line 1353.
Package xcolor Info: Model `HTML' substituted by `rgb' on input line 1355.
Package xcolor Info: Model `Hsb' substituted by `hsb' on input line 1356.
Package xcolor Info: Model `tHsb' substituted by `hsb' on input line 1357.
Package xcolor Info: Model `HSB' substituted by `hsb' on input line 1358.
Package xcolor Info: Model `Gray' substituted by `gray' on input line 1359.
Package xcolor Info: Model `wave' substituted by `hsb' on input line 1360.
)
(/usr/share/texlive/texmf-dist/tex/generic/pgf/basiclayer/pgfcore.code.tex
Package: pgfcore 2010/04/11 v3.0.1a (rcs-revision 1.7)

(/usr/share/texlive/texmf-dist/tex/generic/pgf/math/pgfmath.code.tex
(/usr/share/texlive/texmf-dist/tex/generic/pgf/math/pgfmathcalc.code.tex
(/usr/share/texlive/texmf-dist/tex/generic/pgf/math/pgfmathutil.code.tex)
(/usr/share/texlive/texmf-dist/tex/generic/pgf/math/pgfmathparser.code.tex
\pgfmath@dimen=\dimen136
\pgfmath@count=\count124
\pgfmath@box=\box39
\pgfmath@toks=\toks28
\pgfmath@stack@operand=\toks29
\pgfmath@stack@operation=\toks30
)
(/usr/share/texlive/texmf-dist/tex/generic/pgf/math/pgfmathfunctions.code.tex
(/usr/share/texlive/texmf-dist/tex/generic/pgf/math/pgfmathfunctions.basic.code
.tex)
(/usr/share/texlive/texmf-dist/tex/generic/pgf/math/pgfmathfunctions.trigonomet
ric.code.tex)
(/usr/share/texlive/texmf-dist/tex/generic/pgf/math/pgfmathfunctions.random.cod
e.tex)
(/usr/share/texlive/texmf-dist/tex/generic/pgf/math/pgfmathfunctions.comparison
.code.tex)
(/usr/share/texlive/texmf-dist/tex/generic/pgf/math/pgfmathfunctions.base.code.
tex)
(/usr/share/texlive/texmf-dist/tex/generic/pgf/math/pgfmathfunctions.round.code
.tex)
(/usr/share/texlive/texmf-dist/tex/generic/pgf/math/pgfmathfunctions.misc.code.
tex)
(/usr/share/texlive/texmf-dist/tex/generic/pgf/math/pgfmathfunctions.integerari
thmetics.code.tex)))
(/usr/share/texlive/texmf-dist/tex/generic/pgf/math/pgfmathfloat.code.tex
\c@pgfmathroundto@lastzeros=\count125
))
(/usr/share/texlive/texmf-dist/tex/generic/pgf/basiclayer/pgfcorepoints.code.te
x
File: pgfcorepoints.code.tex 2013/10/07  (rcs-revision 1.27)
\pgf@picminx=\dimen137
\pgf@picmaxx=\dimen138
\pgf@picminy=\dimen139
\pgf@picmaxy=\dimen140
\pgf@pathminx=\dimen141
\pgf@pathmaxx=\dimen142
\pgf@pathminy=\dimen143
\pgf@pathmaxy=\dimen144
\pgf@xx=\dimen145
\pgf@xy=\dimen146
\pgf@yx=\dimen147
\pgf@yy=\dimen148
\pgf@zx=\dimen149
\pgf@zy=\dimen150
)
(/usr/share/texlive/texmf-dist/tex/generic/pgf/basiclayer/pgfcorepathconstruct.
code.tex
File: pgfcorepathconstruct.code.tex 2013/10/07  (rcs-revision 1.29)
\pgf@path@lastx=\dimen151
\pgf@path@lasty=\dimen152
)
(/usr/share/texlive/texmf-dist/tex/generic/pgf/basiclayer/pgfcorepathusage.code
.tex
File: pgfcorepathusage.code.tex 2014/11/02  (rcs-revision 1.24)
\pgf@shorten@end@additional=\dimen153
\pgf@shorten@start@additional=\dimen154
)
(/usr/share/texlive/texmf-dist/tex/generic/pgf/basiclayer/pgfcorescopes.code.te
x
File: pgfcorescopes.code.tex 2015/05/08  (rcs-revision 1.46)
\pgfpic=\box40
\pgf@hbox=\box41
\pgf@layerbox@main=\box42
\pgf@picture@serial@count=\count126
)
(/usr/share/texlive/texmf-dist/tex/generic/pgf/basiclayer/pgfcoregraphicstate.c
ode.tex
File: pgfcoregraphicstate.code.tex 2014/11/02  (rcs-revision 1.12)
\pgflinewidth=\dimen155
)
(/usr/share/texlive/texmf-dist/tex/generic/pgf/basiclayer/pgfcoretransformation
s.code.tex
File: pgfcoretransformations.code.tex 2015/08/07  (rcs-revision 1.20)
\pgf@pt@x=\dimen156
\pgf@pt@y=\dimen157
\pgf@pt@temp=\dimen158
)
(/usr/share/texlive/texmf-dist/tex/generic/pgf/basiclayer/pgfcorequick.code.tex
File: pgfcorequick.code.tex 2008/10/09  (rcs-revision 1.3)
)
(/usr/share/texlive/texmf-dist/tex/generic/pgf/basiclayer/pgfcoreobjects.code.t
ex
File: pgfcoreobjects.code.tex 2006/10/11  (rcs-revision 1.2)
)
(/usr/share/texlive/texmf-dist/tex/generic/pgf/basiclayer/pgfcorepathprocessing
.code.tex
File: pgfcorepathprocessing.code.tex 2013/09/09  (rcs-revision 1.9)
)
(/usr/share/texlive/texmf-dist/tex/generic/pgf/basiclayer/pgfcorearrows.code.te
x
File: pgfcorearrows.code.tex 2015/05/14  (rcs-revision 1.43)
\pgfarrowsep=\dimen159
)
(/usr/share/texlive/texmf-dist/tex/generic/pgf/basiclayer/pgfcoreshade.code.tex
File: pgfcoreshade.code.tex 2013/07/15  (rcs-revision 1.15)
\pgf@max=\dimen160
\pgf@sys@shading@range@num=\count127
)
(/usr/share/texlive/texmf-dist/tex/generic/pgf/basiclayer/pgfcoreimage.code.tex
File: pgfcoreimage.code.tex 2013/07/15  (rcs-revision 1.18)

(/usr/share/texlive/texmf-dist/tex/generic/pgf/basiclayer/pgfcoreexternal.code.
tex
File: pgfcoreexternal.code.tex 2014/07/09  (rcs-revision 1.21)
\pgfexternal@startupbox=\box43
))
(/usr/share/texlive/texmf-dist/tex/generic/pgf/basiclayer/pgfcorelayers.code.te
x
File: pgfcorelayers.code.tex 2013/07/18  (rcs-revision 1.7)
)
(/usr/share/texlive/texmf-dist/tex/generic/pgf/basiclayer/pgfcoretransparency.c
ode.tex
File: pgfcoretransparency.code.tex 2013/09/30  (rcs-revision 1.5)
)
(/usr/share/texlive/texmf-dist/tex/generic/pgf/basiclayer/pgfcorepatterns.code.
tex
File: pgfcorepatterns.code.tex 2013/11/07  (rcs-revision 1.5)
)))
(/usr/share/texlive/texmf-dist/tex/generic/pgf/modules/pgfmoduleshapes.code.tex
File: pgfmoduleshapes.code.tex 2014/03/21  (rcs-revision 1.35)
\pgfnodeparttextbox=\box44
) (/usr/share/texlive/texmf-dist/tex/generic/pgf/modules/pgfmoduleplot.code.tex
File: pgfmoduleplot.code.tex 2015/08/03  (rcs-revision 1.13)
)
(/usr/share/texlive/texmf-dist/tex/latex/pgf/compatibility/pgfcomp-version-0-65
.sty
Package: pgfcomp-version-0-65 2007/07/03 v3.0.1a (rcs-revision 1.7)
\pgf@nodesepstart=\dimen161
\pgf@nodesepend=\dimen162
)
(/usr/share/texlive/texmf-dist/tex/latex/pgf/compatibility/pgfcomp-version-1-18
.sty
Package: pgfcomp-version-1-18 2007/07/23 v3.0.1a (rcs-revision 1.1)
)) (/usr/share/texlive/texmf-dist/tex/latex/pgf/utilities/pgffor.sty
(/usr/share/texlive/texmf-dist/tex/latex/pgf/utilities/pgfkeys.sty
(/usr/share/texlive/texmf-dist/tex/generic/pgf/utilities/pgfkeys.code.tex))
(/usr/share/texlive/texmf-dist/tex/latex/pgf/math/pgfmath.sty
(/usr/share/texlive/texmf-dist/tex/generic/pgf/math/pgfmath.code.tex))
(/usr/share/texlive/texmf-dist/tex/generic/pgf/utilities/pgffor.code.tex
Package: pgffor 2013/12/13 v3.0.1a (rcs-revision 1.25)

(/usr/share/texlive/texmf-dist/tex/generic/pgf/math/pgfmath.code.tex)
\pgffor@iter=\dimen163
\pgffor@skip=\dimen164
\pgffor@stack=\toks31
\pgffor@toks=\toks32
))
(/usr/share/texlive/texmf-dist/tex/generic/pgf/frontendlayer/tikz/tikz.code.tex
Package: tikz 2015/08/07 v3.0.1a (rcs-revision 1.151)

(/usr/share/texlive/texmf-dist/tex/generic/pgf/libraries/pgflibraryplothandlers
.code.tex
File: pgflibraryplothandlers.code.tex 2013/08/31 v3.0.1a (rcs-revision 1.20)
\pgf@plot@mark@count=\count128
\pgfplotmarksize=\dimen165
)
\tikz@lastx=\dimen166
\tikz@lasty=\dimen167
\tikz@lastxsaved=\dimen168
\tikz@lastysaved=\dimen169
\tikzleveldistance=\dimen170
\tikzsiblingdistance=\dimen171
\tikz@figbox=\box45
\tikz@figbox@bg=\box46
\tikz@tempbox=\box47
\tikz@tempbox@bg=\box48
\tikztreelevel=\count129
\tikznumberofchildren=\count130
\tikznumberofcurrentchild=\count131
\tikz@fig@count=\count132

(/usr/share/texlive/texmf-dist/tex/generic/pgf/modules/pgfmodulematrix.code.tex
File: pgfmodulematrix.code.tex 2013/09/17  (rcs-revision 1.8)
\pgfmatrixcurrentrow=\count133
\pgfmatrixcurrentcolumn=\count134
\pgf@matrix@numberofcolumns=\count135
)
\tikz@expandcount=\count136

(/usr/share/texlive/texmf-dist/tex/generic/pgf/frontendlayer/tikz/libraries/tik
zlibrarytopaths.code.tex
File: tikzlibrarytopaths.code.tex 2008/06/17 v3.0.1a (rcs-revision 1.2)
)))
(/usr/share/texlive/texmf-dist/tex/latex/caption/subcaption.sty
Package: subcaption 2016/02/20 v1.1-142 Sub-captions (AR)

(/usr/share/texlive/texmf-dist/tex/latex/caption/caption.sty
Package: caption 2016/02/21 v3.3-144 Customizing captions (AR)

(/usr/share/texlive/texmf-dist/tex/latex/caption/caption3.sty
Package: caption3 2016/02/04 v1.7-139 caption3 kernel (AR)
Package caption3 Info: TeX engine: e-TeX on input line 67.
\captionmargin=\dimen172
\captionmargin@=\dimen173
\captionwidth=\dimen174
\caption@tempdima=\dimen175
\caption@indent=\dimen176
\caption@parindent=\dimen177
\caption@hangindent=\dimen178
)
\c@ContinuedFloat=\count137
Package caption Info: listings package is loaded.
)
\c@subfigure=\count138
\c@subtable=\count139
)
(/usr/share/texlive/texmf-dist/tex/latex/subfig/subfig.sty
Package: subfig 2005/06/28 ver: 1.3 subfig package
\c@KVtest=\count140
\sf@farskip=\skip65
\sf@captopadj=\dimen179
\sf@capskip=\skip66
\sf@nearskip=\skip67
\sf@top=\skip68
\sf@bottom=\skip69
) (./AllegThesis.aux
(./abstract.aux) (./ack.aux) (./ch01_overview.aux) (./ch02_relatedwork.aux)
(./ch03_methodofapproach.aux) (./ch04_implementation.aux)
(./ch05_conclusion.aux) (./appa.aux))
\openout1 = `AllegThesis.aux'.

LaTeX Font Info:    Checking defaults for OML/cmm/m/it on input line 108.
LaTeX Font Info:    ... okay on input line 108.
LaTeX Font Info:    Checking defaults for T1/cmr/m/n on input line 108.
LaTeX Font Info:    ... okay on input line 108.
LaTeX Font Info:    Checking defaults for OT1/cmr/m/n on input line 108.
LaTeX Font Info:    ... okay on input line 108.
LaTeX Font Info:    Checking defaults for OMS/cmsy/m/n on input line 108.
LaTeX Font Info:    ... okay on input line 108.
LaTeX Font Info:    Checking defaults for OMX/cmex/m/n on input line 108.
LaTeX Font Info:    ... okay on input line 108.
LaTeX Font Info:    Checking defaults for U/cmr/m/n on input line 108.
LaTeX Font Info:    ... okay on input line 108.

(/usr/share/texlive/texmf-dist/tex/context/base/supp-pdf.mkii
[Loading MPS to PDF converter (version 2006.09.02).]
\scratchcounter=\count141
\scratchdimen=\dimen180
\scratchbox=\box49
\nofMPsegments=\count142
\nofMParguments=\count143
\everyMPshowfont=\toks33
\MPscratchCnt=\count144
\MPscratchDim=\dimen181
\MPnumerator=\count145
\makeMPintoPDFobject=\count146
\everyMPtoPDFconversion=\toks34
) (/usr/share/texlive/texmf-dist/tex/generic/oberdiek/pdftexcmds.sty
Package: pdftexcmds 2011/11/29 v0.20 Utility functions of pdfTeX for LuaTeX (HO
)

(/usr/share/texlive/texmf-dist/tex/generic/oberdiek/ifluatex.sty
Package: ifluatex 2010/03/01 v1.3 Provides the ifluatex switch (HO)
Package ifluatex Info: LuaTeX not detected.
)
(/usr/share/texlive/texmf-dist/tex/generic/oberdiek/ifpdf.sty
Package: ifpdf 2011/01/30 v2.3 Provides the ifpdf switch (HO)
Package ifpdf Info: pdfTeX in PDF mode is detected.
)
Package pdftexcmds Info: LuaTeX not detected.
Package pdftexcmds Info: \pdf@primitive is available.
Package pdftexcmds Info: \pdf@ifprimitive is available.
Package pdftexcmds Info: \pdfdraftmode found.
)
(/usr/share/texlive/texmf-dist/tex/latex/oberdiek/epstopdf-base.sty
Package: epstopdf-base 2010/02/09 v2.5 Base part for package epstopdf

(/usr/share/texlive/texmf-dist/tex/latex/oberdiek/grfext.sty
Package: grfext 2010/08/19 v1.1 Manage graphics extensions (HO)

(/usr/share/texlive/texmf-dist/tex/generic/oberdiek/kvdefinekeys.sty
Package: kvdefinekeys 2011/04/07 v1.3 Define keys (HO)
))
(/usr/share/texlive/texmf-dist/tex/latex/oberdiek/kvoptions.sty
Package: kvoptions 2011/06/30 v3.11 Key value format for package options (HO)

(/usr/share/texlive/texmf-dist/tex/generic/oberdiek/kvsetkeys.sty
Package: kvsetkeys 2012/04/25 v1.16 Key value parser (HO)

(/usr/share/texlive/texmf-dist/tex/generic/oberdiek/etexcmds.sty
Package: etexcmds 2011/02/16 v1.5 Avoid name clashes with e-TeX commands (HO)
Package etexcmds Info: Could not find \expanded.
(etexcmds)             That can mean that you are not using pdfTeX 1.50 or
(etexcmds)             that some package has redefined \expanded.
(etexcmds)             In the latter case, load this package earlier.
)))
Package grfext Info: Graphics extension search list:
(grfext)             [.png,.pdf,.jpg,.mps,.jpeg,.jbig2,.jb2,.PNG,.PDF,.JPG,.JPE
G,.JBIG2,.JB2,.eps]
(grfext)             \AppendGraphicsExtensions on input line 452.

(/usr/share/texlive/texmf-dist/tex/latex/latexconfig/epstopdf-sys.cfg
File: epstopdf-sys.cfg 2010/07/13 v1.3 Configuration of (r)epstopdf for TeX Liv
e
))
\c@lstlisting=\count147

ABD: EveryShipout initializing macros
Package caption Info: Begin \AtBeginDocument code.
Package caption Info: subfig package v1.3 is loaded.
Package caption Info: End \AtBeginDocument code.
LaTeX Font Info:    Try loading font information for U+msa on input line 136.

(/usr/share/texlive/texmf-dist/tex/latex/amsfonts/umsa.fd
File: umsa.fd 2013/01/14 v3.01 AMS symbols A
)
LaTeX Font Info:    Try loading font information for U+msb on input line 136.

(/usr/share/texlive/texmf-dist/tex/latex/amsfonts/umsb.fd
File: umsb.fd 2013/01/14 v3.01 AMS symbols B
) [1

{/var/lib/texmf/fonts/map/pdftex/updmap/pdftex.map}]
LaTeX Font Info:    Try loading font information for OMS+cmr on input line 137.


(/usr/share/texlive/texmf-dist/tex/latex/base/omscmr.fd
File: omscmr.fd 2014/09/29 v2.5h Standard LaTeX font definitions
)
LaTeX Font Info:    Font shape `OMS/cmr/m/n' in size <12> not available
(Font)              Font shape `OMS/cmsy/m/n' tried instead on input line 137.
 [2]
\openout2 = `abstract.aux'.

 (./abstract.tex
[3


])
\openout2 = `ack.aux'.

 (./ack.tex) [4


] (./AllegThesis.toc [5



])
\tf@toc=\write5
\openout5 = `AllegThesis.toc'.

 [6] (./AllegThesis.lof [7


])
\tf@lof=\write6
\openout6 = `AllegThesis.lof'.


(/usr/share/texlive/texmf-dist/tex/latex/listings/lstlang1.sty
File: lstlang1.sty 2015/06/04 1.6 listings language file
) [8]
\openout2 = `ch01_overview.aux'.


(./ch01_overview.tex
Chapter 1.
[1



] [2] <images/robocup2015.jpg, id=42, 803.0pt x 536.0025pt>
File: images/robocup2015.jpg Graphic file (type jpg)

<use images/robocup2015.jpg>
Package pdftex.def Info: images/robocup2015.jpg used on input line 36.
(pdftex.def)             Requested size: 200.74951pt x 134.00029pt.
 [3 <./images/robocup2015.jpg>] [4] [5] [6]
<images/mcts.jpg, id=59, 640.3925pt x 480.79625pt>
File: images/mcts.jpg Graphic file (type jpg)
 <use images/mcts.jpg>
Package pdftex.def Info: images/mcts.jpg used on input line 85.
(pdftex.def)             Requested size: 384.23846pt x 134.83391pt.


LaTeX Warning: `h' float specifier changed to `ht'.

[7] [8 <./images/mcts.jpg>] <images/gogui.png, id=71, 538.01pt x 539.01375pt>
File: images/gogui.png Graphic file (type png)

<use images/gogui.png>
Package pdftex.def Info: images/gogui.png used on input line 116.
(pdftex.def)             Requested size: 134.50217pt x 134.7531pt.
 [9 <./images/gogui.png>]
<images/seki.png, id=75, 463.7325pt x 462.72874pt>
File: images/seki.png Graphic file (type png)
 <use images/seki.png>
Package pdftex.def Info: images/seki.png used on input line 127.
(pdftex.def)             Requested size: 162.30879pt x 161.95749pt.

[10 <./images/seki.png (PNG copy)>]
<images/hex.jpg, id=79, 301.125pt x 213.79875pt>
File: images/hex.jpg Graphic file (type jpg)
 <use images/hex.jpg>
Package pdftex.def Info: images/hex.jpg used on input line 147.
(pdftex.def)             Requested size: 120.44786pt x 85.51797pt.


LaTeX Warning: `h' float specifier changed to `ht'.

[11] <images/hexbridge.png, id=84, 529.98pt x 449.68pt>
File: images/hexbridge.png Graphic file (type png)

<use images/hexbridge.png>
Package pdftex.def Info: images/hexbridge.png used on input line 158.
(pdftex.def)             Requested size: 158.99521pt x 134.90503pt.

<images/hexladder.png, id=85, 563.10374pt x 451.6875pt>
File: images/hexladder.png Graphic file (type png)

<use images/hexladder.png>
Package pdftex.def Info: images/hexladder.png used on input line 164.
(pdftex.def)             Requested size: 168.93242pt x 135.5073pt.
 [12 <./images/hex.jpg> <./images/hexbridge.png (PNG copy)> <./images/hexladder
.png>]) [13] [14]
\openout2 = `ch02_relatedwork.aux'.

 (./ch02_relatedwork.tex
Chapter 2.
[15




] [16] <images/GA1.png, id=101, 699.3871pt x 484.90839pt>
File: images/GA1.png Graphic file (type png)

<use images/GA1.png>
Package pdftex.def Info: images/GA1.png used on input line 30.
(pdftex.def)             Requested size: 209.81775pt x 145.47363pt.
 [17 <./images/GA1.png>] [18] (./tikz/anntikz.tex
Missing character: There is no ; in font nullfont!
Missing character: There is no ; in font nullfont!
Missing character: There is no ; in font nullfont!
) [19]
[20] [21] <images/hyperneatnets.png, id=122, 329.73187pt x 145.29282pt>
File: images/hyperneatnets.png Graphic file (type png)

<use images/hyperneatnets.png>
Package pdftex.def Info: images/hyperneatnets.png used on input line 74.
(pdftex.def)             Requested size: 181.35307pt x 79.91129pt.
 [22 <./images/hyperneatnets.png>]
<images/dcn1.png, id=127, 236.885pt x 258.9675pt>
File: images/dcn1.png Graphic file (type png)
 <use images/dcn1.png>
Package pdftex.def Info: images/dcn1.png used on input line 88.
(pdftex.def)             Requested size: 118.4422pt x 129.48341pt.

[23 <./images/dcn1.png>]
<images/dcnmain1.png, id=133, 503.8825pt x 258.9675pt>
File: images/dcnmain1.png Graphic file (type png)

<use images/dcnmain1.png>
Package pdftex.def Info: images/dcnmain1.png used on input line 99.
(pdftex.def)             Requested size: 196.86705pt x 101.17755pt.

<images/dcnmain2.png, id=134, 503.8825pt x 258.9675pt>
File: images/dcnmain2.png Graphic file (type png)

<use images/dcnmain2.png>
Package pdftex.def Info: images/dcnmain2.png used on input line 105.
(pdftex.def)             Requested size: 196.86705pt x 101.17755pt.

Overfull \hbox (5.22215pt too wide) in paragraph at lines 97--108
 [][]  [] 
 []

<images/cnnfull.png, id=135, 722.7pt x 191.71625pt>
File: images/cnnfull.png Graphic file (type png)
 <use images/cnnfull.png>
Package pdftex.def Info: images/cnnfull.png used on input line 116.
(pdftex.def)             Requested size: 361.3491pt x 95.85788pt.

[24 <./images/dcnmain1.png> <./images/dcnmain2.png> <./images/cnnfull.png (PNG 
copy)>]) [25] [26]
\openout2 = `ch03_methodofapproach.aux'.

 (./ch03_methodofapproach.tex
Chapter 3.
[27




] <images/highlevelframe.png, id=151, 554.07pt x 171.64125pt>
File: images/highlevelframe.png Graphic file (type png)

<use images/highlevelframe.png>
Package pdftex.def Info: images/highlevelframe.png used on input line 19.
(pdftex.def)             Requested size: 332.44456pt x 102.98552pt.
 [28 <./images/highlevelframe.png>] [29]
[30]
Overfull \hbox (8.81241pt too wide) in paragraph at lines 88--88
[] [] 
 []

[31]
Overfull \hbox (8.81241pt too wide) in paragraph at lines 125--125
[] [] 
 []

[32] [33] <images/gameagent.png, id=172, 513.92pt x 337.26pt>
File: images/gameagent.png Graphic file (type png)

<use images/gameagent.png>
Package pdftex.def Info: images/gameagent.png used on input line 134.
(pdftex.def)             Requested size: 256.95937pt x 168.62958pt.
 [34 <./images/gameagent.png>] [35] [36] [37]
[38] [39]

LaTeX Warning: `h' float specifier changed to `ht'.

[40] <images/goheuredited.png, id=196, 262.9825pt x 263.98625pt>
File: images/goheuredited.png Graphic file (type png)

<use images/goheuredited.png>
Package pdftex.def Info: images/goheuredited.png used on input line 244.
(pdftex.def)             Requested size: 170.93658pt x 171.58902pt.

<images/hexheuredited.png, id=197, 532.99126pt x 453.695pt>
File: images/hexheuredited.png Graphic file (type png)

<use images/hexheuredited.png>
Package pdftex.def Info: images/hexheuredited.png used on input line 250.
(pdftex.def)             Requested size: 199.87123pt x 170.13521pt.
 [41 <./images/goheuredited.png> <./images/hexheuredited.png>] [42] [43] [44] [
45]
Overfull \hbox (1.41476pt too wide) in paragraph at lines 287--300
 [][] 
 []

<images/finalframework.png, id=217, 667.49374pt x 426.59375pt>
File: images/finalframework.png Graphic file (type png)

<use images/finalframework.png>
Package pdftex.def Info: images/finalframework.png used on input line 308.
(pdftex.def)             Requested size: 387.14665pt x 247.42455pt.
 [46] [47 <./images/finalframework.png>])
[48] [49]
\openout2 = `ch04_implementation.aux'.

 (./ch04_implementation.tex
Chapter 4.
) [50




]
\openout2 = `ch05_conclusion.aux'.

 (./ch05_conclusion.tex
Chapter 5.
) [51




]
\openout2 = `appa.aux'.

 (./appa.tex
Appendix A.
<images/Visualizations/ANNvsMCTS/500ms5x5.png, id=237, 481.8pt x 481.8pt>
File: images/Visualizations/ANNvsMCTS/500ms5x5.png Graphic file (type png)

<use images/Visualizations/ANNvsMCTS/500ms5x5.png>
Package pdftex.def Info: images/Visualizations/ANNvsMCTS/500ms5x5.png used on i
nput line 12.
(pdftex.def)             Requested size: 112.0187pt x 112.01733pt.

<images/Visualizations/ANNvsMCTS/500ms7x7.png, id=238, 481.8pt x 481.8pt>
File: images/Visualizations/ANNvsMCTS/500ms7x7.png Graphic file (type png)

<use images/Visualizations/ANNvsMCTS/500ms7x7.png>
Package pdftex.def Info: images/Visualizations/ANNvsMCTS/500ms7x7.png used on i
nput line 13.
(pdftex.def)             Requested size: 112.0187pt x 112.01733pt.

<images/Visualizations/ANNvsMCTS/500ms9x9.png, id=239, 481.8pt x 481.8pt>
File: images/Visualizations/ANNvsMCTS/500ms9x9.png Graphic file (type png)

<use images/Visualizations/ANNvsMCTS/500ms9x9.png>
Package pdftex.def Info: images/Visualizations/ANNvsMCTS/500ms9x9.png used on i
nput line 14.
(pdftex.def)             Requested size: 112.0187pt x 112.01733pt.

<images/Visualizations/ANNvsMCTS/500ms11x11.png, id=240, 481.8pt x 481.8pt>
File: images/Visualizations/ANNvsMCTS/500ms11x11.png Graphic file (type png)

<use images/Visualizations/ANNvsMCTS/500ms11x11.png>
Package pdftex.def Info: images/Visualizations/ANNvsMCTS/500ms11x11.png used on
 input line 15.
(pdftex.def)             Requested size: 112.0187pt x 112.01733pt.

<images/Visualizations/ANNvsMCTS/1000ms5x5.png, id=241, 481.8pt x 481.8pt>
File: images/Visualizations/ANNvsMCTS/1000ms5x5.png Graphic file (type png)

<use images/Visualizations/ANNvsMCTS/1000ms5x5.png>
Package pdftex.def Info: images/Visualizations/ANNvsMCTS/1000ms5x5.png used on 
input line 17.
(pdftex.def)             Requested size: 112.0187pt x 112.01733pt.

<images/Visualizations/ANNvsMCTS/1000ms7x7.png, id=242, 481.8pt x 481.8pt>
File: images/Visualizations/ANNvsMCTS/1000ms7x7.png Graphic file (type png)

<use images/Visualizations/ANNvsMCTS/1000ms7x7.png>
Package pdftex.def Info: images/Visualizations/ANNvsMCTS/1000ms7x7.png used on 
input line 18.
(pdftex.def)             Requested size: 112.0187pt x 112.01733pt.

<images/Visualizations/ANNvsMCTS/1000ms9x9.png, id=243, 481.8pt x 481.8pt>
File: images/Visualizations/ANNvsMCTS/1000ms9x9.png Graphic file (type png)

<use images/Visualizations/ANNvsMCTS/1000ms9x9.png>
Package pdftex.def Info: images/Visualizations/ANNvsMCTS/1000ms9x9.png used on 
input line 19.
(pdftex.def)             Requested size: 112.0187pt x 112.01733pt.

<images/Visualizations/ANNvsMCTS/1000ms11x11.png, id=244, 481.8pt x 481.8pt>
File: images/Visualizations/ANNvsMCTS/1000ms11x11.png Graphic file (type png)

<use images/Visualizations/ANNvsMCTS/1000ms11x11.png>
Package pdftex.def Info: images/Visualizations/ANNvsMCTS/1000ms11x11.png used o
n input line 20.
(pdftex.def)             Requested size: 112.0187pt x 112.01733pt.

<images/Visualizations/ANNvsMCTS/2000ms5x5.png, id=245, 481.8pt x 481.8pt>
File: images/Visualizations/ANNvsMCTS/2000ms5x5.png Graphic file (type png)

<use images/Visualizations/ANNvsMCTS/2000ms5x5.png>
Package pdftex.def Info: images/Visualizations/ANNvsMCTS/2000ms5x5.png used on 
input line 22.
(pdftex.def)             Requested size: 112.0187pt x 112.01733pt.

<images/Visualizations/ANNvsMCTS/2000ms7x7.png, id=246, 481.8pt x 481.8pt>
File: images/Visualizations/ANNvsMCTS/2000ms7x7.png Graphic file (type png)

<use images/Visualizations/ANNvsMCTS/2000ms7x7.png>
Package pdftex.def Info: images/Visualizations/ANNvsMCTS/2000ms7x7.png used on 
input line 23.
(pdftex.def)             Requested size: 112.0187pt x 112.01733pt.

<images/Visualizations/ANNvsMCTS/2000ms9x9.png, id=247, 481.8pt x 481.8pt>
File: images/Visualizations/ANNvsMCTS/2000ms9x9.png Graphic file (type png)

<use images/Visualizations/ANNvsMCTS/2000ms9x9.png>
Package pdftex.def Info: images/Visualizations/ANNvsMCTS/2000ms9x9.png used on 
input line 24.
(pdftex.def)             Requested size: 112.0187pt x 112.01733pt.

<images/Visualizations/ANNvsMCTS/2000ms11x11.png, id=248, 481.8pt x 481.8pt>
File: images/Visualizations/ANNvsMCTS/2000ms11x11.png Graphic file (type png)

<use images/Visualizations/ANNvsMCTS/2000ms11x11.png>
Package pdftex.def Info: images/Visualizations/ANNvsMCTS/2000ms11x11.png used o
n input line 25.
(pdftex.def)             Requested size: 112.0187pt x 112.01733pt.

<images/Visualizations/ANNvsMCTS/4000ms5x5.png, id=249, 481.8pt x 481.8pt>
File: images/Visualizations/ANNvsMCTS/4000ms5x5.png Graphic file (type png)

<use images/Visualizations/ANNvsMCTS/4000ms5x5.png>
Package pdftex.def Info: images/Visualizations/ANNvsMCTS/4000ms5x5.png used on 
input line 27.
(pdftex.def)             Requested size: 112.0187pt x 112.01733pt.

<images/Visualizations/ANNvsMCTS/4000ms7x7.png, id=250, 481.8pt x 481.8pt>
File: images/Visualizations/ANNvsMCTS/4000ms7x7.png Graphic file (type png)

<use images/Visualizations/ANNvsMCTS/4000ms7x7.png>
Package pdftex.def Info: images/Visualizations/ANNvsMCTS/4000ms7x7.png used on 
input line 28.
(pdftex.def)             Requested size: 112.0187pt x 112.01733pt.

<images/Visualizations/ANNvsMCTS/4000ms9x9.png, id=251, 481.8pt x 481.8pt>
File: images/Visualizations/ANNvsMCTS/4000ms9x9.png Graphic file (type png)

<use images/Visualizations/ANNvsMCTS/4000ms9x9.png>
Package pdftex.def Info: images/Visualizations/ANNvsMCTS/4000ms9x9.png used on 
input line 29.
(pdftex.def)             Requested size: 112.0187pt x 112.01733pt.

<images/Visualizations/ANNvsMCTS/4000ms11x11.png, id=252, 481.8pt x 481.8pt>
File: images/Visualizations/ANNvsMCTS/4000ms11x11.png Graphic file (type png)

<use images/Visualizations/ANNvsMCTS/4000ms11x11.png>
Package pdftex.def Info: images/Visualizations/ANNvsMCTS/4000ms11x11.png used o
n input line 30.
(pdftex.def)             Requested size: 112.0187pt x 112.01733pt.

<images/Visualizations/ANNvsMCTS/8000ms5x5.png, id=253, 481.8pt x 481.8pt>
File: images/Visualizations/ANNvsMCTS/8000ms5x5.png Graphic file (type png)

<use images/Visualizations/ANNvsMCTS/8000ms5x5.png>
Package pdftex.def Info: images/Visualizations/ANNvsMCTS/8000ms5x5.png used on 
input line 32.
(pdftex.def)             Requested size: 112.0187pt x 112.01733pt.

<images/Visualizations/ANNvsMCTS/8000ms7x7.png, id=254, 481.8pt x 481.8pt>
File: images/Visualizations/ANNvsMCTS/8000ms7x7.png Graphic file (type png)

<use images/Visualizations/ANNvsMCTS/8000ms7x7.png>
Package pdftex.def Info: images/Visualizations/ANNvsMCTS/8000ms7x7.png used on 
input line 33.
(pdftex.def)             Requested size: 112.0187pt x 112.01733pt.

<images/Visualizations/ANNvsMCTS/8000ms9x9.png, id=255, 481.8pt x 481.8pt>
File: images/Visualizations/ANNvsMCTS/8000ms9x9.png Graphic file (type png)

<use images/Visualizations/ANNvsMCTS/8000ms9x9.png>
Package pdftex.def Info: images/Visualizations/ANNvsMCTS/8000ms9x9.png used on 
input line 34.
(pdftex.def)             Requested size: 112.0187pt x 112.01733pt.

<images/Visualizations/ANNvsMCTS/8000ms11x11.png, id=256, 481.8pt x 481.8pt>
File: images/Visualizations/ANNvsMCTS/8000ms11x11.png Graphic file (type png)

<use images/Visualizations/ANNvsMCTS/8000ms11x11.png>
Package pdftex.def Info: images/Visualizations/ANNvsMCTS/8000ms11x11.png used o
n input line 35.
(pdftex.def)             Requested size: 112.0187pt x 112.01733pt.

Overfull \hbox (5.54936pt too wide) in paragraph at lines 11--37
 [][] 
 []

<images/Visualizations/GAvsMCTS/500ms5x5.png, id=257, 481.8pt x 481.8pt>
File: images/Visualizations/GAvsMCTS/500ms5x5.png Graphic file (type png)

<use images/Visualizations/GAvsMCTS/500ms5x5.png>
Package pdftex.def Info: images/Visualizations/GAvsMCTS/500ms5x5.png used on in
put line 44.
(pdftex.def)             Requested size: 112.0187pt x 112.01733pt.

<images/Visualizations/GAvsMCTS/500ms7x7.png, id=258, 481.8pt x 481.8pt>
File: images/Visualizations/GAvsMCTS/500ms7x7.png Graphic file (type png)

<use images/Visualizations/GAvsMCTS/500ms7x7.png>
Package pdftex.def Info: images/Visualizations/GAvsMCTS/500ms7x7.png used on in
put line 45.
(pdftex.def)             Requested size: 112.0187pt x 112.01733pt.

<images/Visualizations/GAvsMCTS/500ms9x9.png, id=259, 481.8pt x 481.8pt>
File: images/Visualizations/GAvsMCTS/500ms9x9.png Graphic file (type png)

<use images/Visualizations/GAvsMCTS/500ms9x9.png>
Package pdftex.def Info: images/Visualizations/GAvsMCTS/500ms9x9.png used on in
put line 46.
(pdftex.def)             Requested size: 112.0187pt x 112.01733pt.

<images/Visualizations/GAvsMCTS/500ms11x11.png, id=260, 481.8pt x 481.8pt>
File: images/Visualizations/GAvsMCTS/500ms11x11.png Graphic file (type png)

<use images/Visualizations/GAvsMCTS/500ms11x11.png>
Package pdftex.def Info: images/Visualizations/GAvsMCTS/500ms11x11.png used on 
input line 47.
(pdftex.def)             Requested size: 112.0187pt x 112.01733pt.

<images/Visualizations/GAvsMCTS/1000ms5x5.png, id=261, 481.8pt x 481.8pt>
File: images/Visualizations/GAvsMCTS/1000ms5x5.png Graphic file (type png)

<use images/Visualizations/GAvsMCTS/1000ms5x5.png>
Package pdftex.def Info: images/Visualizations/GAvsMCTS/1000ms5x5.png used on i
nput line 49.
(pdftex.def)             Requested size: 112.0187pt x 112.01733pt.

<images/Visualizations/GAvsMCTS/1000ms7x7.png, id=262, 481.8pt x 481.8pt>
File: images/Visualizations/GAvsMCTS/1000ms7x7.png Graphic file (type png)

<use images/Visualizations/GAvsMCTS/1000ms7x7.png>
Package pdftex.def Info: images/Visualizations/GAvsMCTS/1000ms7x7.png used on i
nput line 50.
(pdftex.def)             Requested size: 112.0187pt x 112.01733pt.

<images/Visualizations/GAvsMCTS/1000ms9x9.png, id=263, 481.8pt x 481.8pt>
File: images/Visualizations/GAvsMCTS/1000ms9x9.png Graphic file (type png)

<use images/Visualizations/GAvsMCTS/1000ms9x9.png>
Package pdftex.def Info: images/Visualizations/GAvsMCTS/1000ms9x9.png used on i
nput line 51.
(pdftex.def)             Requested size: 112.0187pt x 112.01733pt.

<images/Visualizations/GAvsMCTS/1000ms11x11.png, id=264, 481.8pt x 481.8pt>
File: images/Visualizations/GAvsMCTS/1000ms11x11.png Graphic file (type png)

<use images/Visualizations/GAvsMCTS/1000ms11x11.png>
Package pdftex.def Info: images/Visualizations/GAvsMCTS/1000ms11x11.png used on
 input line 52.
(pdftex.def)             Requested size: 112.0187pt x 112.01733pt.

<images/Visualizations/GAvsMCTS/2000ms5x5.png, id=265, 481.8pt x 481.8pt>
File: images/Visualizations/GAvsMCTS/2000ms5x5.png Graphic file (type png)

<use images/Visualizations/GAvsMCTS/2000ms5x5.png>
Package pdftex.def Info: images/Visualizations/GAvsMCTS/2000ms5x5.png used on i
nput line 54.
(pdftex.def)             Requested size: 112.0187pt x 112.01733pt.

<images/Visualizations/GAvsMCTS/2000ms7x7.png, id=266, 481.8pt x 481.8pt>
File: images/Visualizations/GAvsMCTS/2000ms7x7.png Graphic file (type png)

<use images/Visualizations/GAvsMCTS/2000ms7x7.png>
Package pdftex.def Info: images/Visualizations/GAvsMCTS/2000ms7x7.png used on i
nput line 55.
(pdftex.def)             Requested size: 112.0187pt x 112.01733pt.

<images/Visualizations/GAvsMCTS/2000ms9x9.png, id=267, 481.8pt x 481.8pt>
File: images/Visualizations/GAvsMCTS/2000ms9x9.png Graphic file (type png)

<use images/Visualizations/GAvsMCTS/2000ms9x9.png>
Package pdftex.def Info: images/Visualizations/GAvsMCTS/2000ms9x9.png used on i
nput line 56.
(pdftex.def)             Requested size: 112.0187pt x 112.01733pt.

<images/Visualizations/GAvsMCTS/2000ms11x11.png, id=268, 481.8pt x 481.8pt>
File: images/Visualizations/GAvsMCTS/2000ms11x11.png Graphic file (type png)

<use images/Visualizations/GAvsMCTS/2000ms11x11.png>
Package pdftex.def Info: images/Visualizations/GAvsMCTS/2000ms11x11.png used on
 input line 57.
(pdftex.def)             Requested size: 112.0187pt x 112.01733pt.

<images/Visualizations/GAvsMCTS/4000ms5x5.png, id=269, 481.8pt x 481.8pt>
File: images/Visualizations/GAvsMCTS/4000ms5x5.png Graphic file (type png)

<use images/Visualizations/GAvsMCTS/4000ms5x5.png>
Package pdftex.def Info: images/Visualizations/GAvsMCTS/4000ms5x5.png used on i
nput line 59.
(pdftex.def)             Requested size: 112.0187pt x 112.01733pt.

<images/Visualizations/GAvsMCTS/4000ms7x7.png, id=270, 481.8pt x 481.8pt>
File: images/Visualizations/GAvsMCTS/4000ms7x7.png Graphic file (type png)

<use images/Visualizations/GAvsMCTS/4000ms7x7.png>
Package pdftex.def Info: images/Visualizations/GAvsMCTS/4000ms7x7.png used on i
nput line 60.
(pdftex.def)             Requested size: 112.0187pt x 112.01733pt.

<images/Visualizations/GAvsMCTS/4000ms9x9.png, id=271, 481.8pt x 481.8pt>
File: images/Visualizations/GAvsMCTS/4000ms9x9.png Graphic file (type png)

<use images/Visualizations/GAvsMCTS/4000ms9x9.png>
Package pdftex.def Info: images/Visualizations/GAvsMCTS/4000ms9x9.png used on i
nput line 61.
(pdftex.def)             Requested size: 112.0187pt x 112.01733pt.

<images/Visualizations/GAvsMCTS/4000ms11x11.png, id=272, 481.8pt x 481.8pt>
File: images/Visualizations/GAvsMCTS/4000ms11x11.png Graphic file (type png)

<use images/Visualizations/GAvsMCTS/4000ms11x11.png>
Package pdftex.def Info: images/Visualizations/GAvsMCTS/4000ms11x11.png used on
 input line 62.
(pdftex.def)             Requested size: 112.0187pt x 112.01733pt.

<images/Visualizations/GAvsMCTS/8000ms5x5.png, id=273, 481.8pt x 481.8pt>
File: images/Visualizations/GAvsMCTS/8000ms5x5.png Graphic file (type png)

<use images/Visualizations/GAvsMCTS/8000ms5x5.png>
Package pdftex.def Info: images/Visualizations/GAvsMCTS/8000ms5x5.png used on i
nput line 64.
(pdftex.def)             Requested size: 112.0187pt x 112.01733pt.

<images/Visualizations/GAvsMCTS/8000ms7x7.png, id=274, 481.8pt x 481.8pt>
File: images/Visualizations/GAvsMCTS/8000ms7x7.png Graphic file (type png)

<use images/Visualizations/GAvsMCTS/8000ms7x7.png>
Package pdftex.def Info: images/Visualizations/GAvsMCTS/8000ms7x7.png used on i
nput line 65.
(pdftex.def)             Requested size: 112.0187pt x 112.01733pt.

<images/Visualizations/GAvsMCTS/8000ms9x9.png, id=275, 481.8pt x 481.8pt>
File: images/Visualizations/GAvsMCTS/8000ms9x9.png Graphic file (type png)

<use images/Visualizations/GAvsMCTS/8000ms9x9.png>
Package pdftex.def Info: images/Visualizations/GAvsMCTS/8000ms9x9.png used on i
nput line 66.
(pdftex.def)             Requested size: 112.0187pt x 112.01733pt.

<images/Visualizations/GAvsMCTS/8000ms11x11.png, id=276, 481.8pt x 481.8pt>
File: images/Visualizations/GAvsMCTS/8000ms11x11.png Graphic file (type png)

<use images/Visualizations/GAvsMCTS/8000ms11x11.png>
Package pdftex.def Info: images/Visualizations/GAvsMCTS/8000ms11x11.png used on
 input line 67.
(pdftex.def)             Requested size: 112.0187pt x 112.01733pt.

Overfull \hbox (5.54936pt too wide) in paragraph at lines 43--69
 [][] 
 []

<images/Visualizations/GAvsANN/500ms5x5.png, id=277, 481.8pt x 481.8pt>
File: images/Visualizations/GAvsANN/500ms5x5.png Graphic file (type png)

<use images/Visualizations/GAvsANN/500ms5x5.png>
Package pdftex.def Info: images/Visualizations/GAvsANN/500ms5x5.png used on inp
ut line 76.
(pdftex.def)             Requested size: 112.0187pt x 112.01733pt.

<images/Visualizations/GAvsANN/500ms7x7.png, id=278, 481.8pt x 481.8pt>
File: images/Visualizations/GAvsANN/500ms7x7.png Graphic file (type png)

<use images/Visualizations/GAvsANN/500ms7x7.png>
Package pdftex.def Info: images/Visualizations/GAvsANN/500ms7x7.png used on inp
ut line 77.
(pdftex.def)             Requested size: 112.0187pt x 112.01733pt.

<images/Visualizations/GAvsANN/500ms9x9.png, id=279, 481.8pt x 481.8pt>
File: images/Visualizations/GAvsANN/500ms9x9.png Graphic file (type png)

<use images/Visualizations/GAvsANN/500ms9x9.png>
Package pdftex.def Info: images/Visualizations/GAvsANN/500ms9x9.png used on inp
ut line 78.
(pdftex.def)             Requested size: 112.0187pt x 112.01733pt.

<images/Visualizations/GAvsANN/500ms11x11.png, id=280, 481.8pt x 481.8pt>
File: images/Visualizations/GAvsANN/500ms11x11.png Graphic file (type png)

<use images/Visualizations/GAvsANN/500ms11x11.png>
Package pdftex.def Info: images/Visualizations/GAvsANN/500ms11x11.png used on i
nput line 79.
(pdftex.def)             Requested size: 112.0187pt x 112.01733pt.

<images/Visualizations/GAvsANN/1000ms5x5.png, id=281, 481.8pt x 481.8pt>
File: images/Visualizations/GAvsANN/1000ms5x5.png Graphic file (type png)

<use images/Visualizations/GAvsANN/1000ms5x5.png>
Package pdftex.def Info: images/Visualizations/GAvsANN/1000ms5x5.png used on in
put line 81.
(pdftex.def)             Requested size: 112.0187pt x 112.01733pt.

<images/Visualizations/GAvsANN/1000ms7x7.png, id=282, 481.8pt x 481.8pt>
File: images/Visualizations/GAvsANN/1000ms7x7.png Graphic file (type png)

<use images/Visualizations/GAvsANN/1000ms7x7.png>
Package pdftex.def Info: images/Visualizations/GAvsANN/1000ms7x7.png used on in
put line 82.
(pdftex.def)             Requested size: 112.0187pt x 112.01733pt.

<images/Visualizations/GAvsANN/1000ms9x9.png, id=283, 481.8pt x 481.8pt>
File: images/Visualizations/GAvsANN/1000ms9x9.png Graphic file (type png)

<use images/Visualizations/GAvsANN/1000ms9x9.png>
Package pdftex.def Info: images/Visualizations/GAvsANN/1000ms9x9.png used on in
put line 83.
(pdftex.def)             Requested size: 112.0187pt x 112.01733pt.

<images/Visualizations/GAvsANN/1000ms11x11.png, id=284, 481.8pt x 481.8pt>
File: images/Visualizations/GAvsANN/1000ms11x11.png Graphic file (type png)

<use images/Visualizations/GAvsANN/1000ms11x11.png>
Package pdftex.def Info: images/Visualizations/GAvsANN/1000ms11x11.png used on 
input line 84.
(pdftex.def)             Requested size: 112.0187pt x 112.01733pt.

<images/Visualizations/GAvsANN/2000ms5x5.png, id=285, 481.8pt x 481.8pt>
File: images/Visualizations/GAvsANN/2000ms5x5.png Graphic file (type png)

<use images/Visualizations/GAvsANN/2000ms5x5.png>
Package pdftex.def Info: images/Visualizations/GAvsANN/2000ms5x5.png used on in
put line 86.
(pdftex.def)             Requested size: 112.0187pt x 112.01733pt.

<images/Visualizations/GAvsANN/2000ms7x7.png, id=286, 481.8pt x 481.8pt>
File: images/Visualizations/GAvsANN/2000ms7x7.png Graphic file (type png)

<use images/Visualizations/GAvsANN/2000ms7x7.png>
Package pdftex.def Info: images/Visualizations/GAvsANN/2000ms7x7.png used on in
put line 87.
(pdftex.def)             Requested size: 112.0187pt x 112.01733pt.

<images/Visualizations/GAvsANN/2000ms9x9.png, id=287, 481.8pt x 481.8pt>
File: images/Visualizations/GAvsANN/2000ms9x9.png Graphic file (type png)

<use images/Visualizations/GAvsANN/2000ms9x9.png>
Package pdftex.def Info: images/Visualizations/GAvsANN/2000ms9x9.png used on in
put line 88.
(pdftex.def)             Requested size: 112.0187pt x 112.01733pt.

<images/Visualizations/GAvsANN/2000ms11x11.png, id=288, 481.8pt x 481.8pt>
File: images/Visualizations/GAvsANN/2000ms11x11.png Graphic file (type png)

<use images/Visualizations/GAvsANN/2000ms11x11.png>
Package pdftex.def Info: images/Visualizations/GAvsANN/2000ms11x11.png used on 
input line 89.
(pdftex.def)             Requested size: 112.0187pt x 112.01733pt.

<images/Visualizations/GAvsANN/4000ms5x5.png, id=289, 481.8pt x 481.8pt>
File: images/Visualizations/GAvsANN/4000ms5x5.png Graphic file (type png)

<use images/Visualizations/GAvsANN/4000ms5x5.png>
Package pdftex.def Info: images/Visualizations/GAvsANN/4000ms5x5.png used on in
put line 91.
(pdftex.def)             Requested size: 112.0187pt x 112.01733pt.

<images/Visualizations/GAvsANN/4000ms7x7.png, id=290, 481.8pt x 481.8pt>
File: images/Visualizations/GAvsANN/4000ms7x7.png Graphic file (type png)

<use images/Visualizations/GAvsANN/4000ms7x7.png>
Package pdftex.def Info: images/Visualizations/GAvsANN/4000ms7x7.png used on in
put line 92.
(pdftex.def)             Requested size: 112.0187pt x 112.01733pt.

<images/Visualizations/GAvsANN/4000ms9x9.png, id=291, 481.8pt x 481.8pt>
File: images/Visualizations/GAvsANN/4000ms9x9.png Graphic file (type png)

<use images/Visualizations/GAvsANN/4000ms9x9.png>
Package pdftex.def Info: images/Visualizations/GAvsANN/4000ms9x9.png used on in
put line 93.
(pdftex.def)             Requested size: 112.0187pt x 112.01733pt.

<images/Visualizations/GAvsANN/4000ms11x11.png, id=292, 481.8pt x 481.8pt>
File: images/Visualizations/GAvsANN/4000ms11x11.png Graphic file (type png)

<use images/Visualizations/GAvsANN/4000ms11x11.png>
Package pdftex.def Info: images/Visualizations/GAvsANN/4000ms11x11.png used on 
input line 94.
(pdftex.def)             Requested size: 112.0187pt x 112.01733pt.

<images/Visualizations/GAvsANN/8000ms5x5.png, id=293, 481.8pt x 481.8pt>
File: images/Visualizations/GAvsANN/8000ms5x5.png Graphic file (type png)

<use images/Visualizations/GAvsANN/8000ms5x5.png>
Package pdftex.def Info: images/Visualizations/GAvsANN/8000ms5x5.png used on in
put line 96.
(pdftex.def)             Requested size: 112.0187pt x 112.01733pt.

<images/Visualizations/GAvsANN/8000ms7x7.png, id=294, 481.8pt x 481.8pt>
File: images/Visualizations/GAvsANN/8000ms7x7.png Graphic file (type png)

<use images/Visualizations/GAvsANN/8000ms7x7.png>
Package pdftex.def Info: images/Visualizations/GAvsANN/8000ms7x7.png used on in
put line 97.
(pdftex.def)             Requested size: 112.0187pt x 112.01733pt.

<images/Visualizations/GAvsANN/8000ms9x9.png, id=295, 481.8pt x 481.8pt>
File: images/Visualizations/GAvsANN/8000ms9x9.png Graphic file (type png)

<use images/Visualizations/GAvsANN/8000ms9x9.png>
Package pdftex.def Info: images/Visualizations/GAvsANN/8000ms9x9.png used on in
put line 98.
(pdftex.def)             Requested size: 112.0187pt x 112.01733pt.

<images/Visualizations/GAvsANN/8000ms11x11.png, id=296, 481.8pt x 481.8pt>
File: images/Visualizations/GAvsANN/8000ms11x11.png Graphic file (type png)

<use images/Visualizations/GAvsANN/8000ms11x11.png>
Package pdftex.def Info: images/Visualizations/GAvsANN/8000ms11x11.png used on 
input line 99.
(pdftex.def)             Requested size: 112.0187pt x 112.01733pt.

Overfull \hbox (5.54936pt too wide) in paragraph at lines 75--101
 [][] 
 []

<images/Visualizations/MCTSvsRANDOM/500ms5x5.png, id=297, 481.8pt x 481.8pt>
File: images/Visualizations/MCTSvsRANDOM/500ms5x5.png Graphic file (type png)

<use images/Visualizations/MCTSvsRANDOM/500ms5x5.png>
Package pdftex.def Info: images/Visualizations/MCTSvsRANDOM/500ms5x5.png used o
n input line 108.
(pdftex.def)             Requested size: 112.0187pt x 112.01733pt.

<images/Visualizations/MCTSvsRANDOM/500ms7x7.png, id=298, 481.8pt x 481.8pt>
File: images/Visualizations/MCTSvsRANDOM/500ms7x7.png Graphic file (type png)

<use images/Visualizations/MCTSvsRANDOM/500ms7x7.png>
Package pdftex.def Info: images/Visualizations/MCTSvsRANDOM/500ms7x7.png used o
n input line 109.
(pdftex.def)             Requested size: 112.0187pt x 112.01733pt.

<images/Visualizations/MCTSvsRANDOM/500ms9x9.png, id=299, 481.8pt x 481.8pt>
File: images/Visualizations/MCTSvsRANDOM/500ms9x9.png Graphic file (type png)

<use images/Visualizations/MCTSvsRANDOM/500ms9x9.png>
Package pdftex.def Info: images/Visualizations/MCTSvsRANDOM/500ms9x9.png used o
n input line 110.
(pdftex.def)             Requested size: 112.0187pt x 112.01733pt.

<images/Visualizations/MCTSvsRANDOM/500ms11x11.png, id=300, 481.8pt x 481.8pt>
File: images/Visualizations/MCTSvsRANDOM/500ms11x11.png Graphic file (type png)


<use images/Visualizations/MCTSvsRANDOM/500ms11x11.png>
Package pdftex.def Info: images/Visualizations/MCTSvsRANDOM/500ms11x11.png used
 on input line 111.
(pdftex.def)             Requested size: 112.0187pt x 112.01733pt.

<images/Visualizations/MCTSvsRANDOM/1000ms5x5.png, id=301, 481.8pt x 481.8pt>
File: images/Visualizations/MCTSvsRANDOM/1000ms5x5.png Graphic file (type png)

<use images/Visualizations/MCTSvsRANDOM/1000ms5x5.png>
Package pdftex.def Info: images/Visualizations/MCTSvsRANDOM/1000ms5x5.png used 
on input line 113.
(pdftex.def)             Requested size: 112.0187pt x 112.01733pt.

<images/Visualizations/MCTSvsRANDOM/1000ms7x7.png, id=302, 481.8pt x 481.8pt>
File: images/Visualizations/MCTSvsRANDOM/1000ms7x7.png Graphic file (type png)

<use images/Visualizations/MCTSvsRANDOM/1000ms7x7.png>
Package pdftex.def Info: images/Visualizations/MCTSvsRANDOM/1000ms7x7.png used 
on input line 114.
(pdftex.def)             Requested size: 112.0187pt x 112.01733pt.

<images/Visualizations/MCTSvsRANDOM/1000ms9x9.png, id=303, 481.8pt x 481.8pt>
File: images/Visualizations/MCTSvsRANDOM/1000ms9x9.png Graphic file (type png)

<use images/Visualizations/MCTSvsRANDOM/1000ms9x9.png>
Package pdftex.def Info: images/Visualizations/MCTSvsRANDOM/1000ms9x9.png used 
on input line 115.
(pdftex.def)             Requested size: 112.0187pt x 112.01733pt.

<images/Visualizations/MCTSvsRANDOM/1000ms11x11.png, id=304, 481.8pt x 481.8pt>
File: images/Visualizations/MCTSvsRANDOM/1000ms11x11.png Graphic file (type png
)
<use images/Visualizations/MCTSvsRANDOM/1000ms11x11.png>
Package pdftex.def Info: images/Visualizations/MCTSvsRANDOM/1000ms11x11.png use
d on input line 116.
(pdftex.def)             Requested size: 112.0187pt x 112.01733pt.

<images/Visualizations/MCTSvsRANDOM/2000ms5x5.png, id=305, 481.8pt x 481.8pt>
File: images/Visualizations/MCTSvsRANDOM/2000ms5x5.png Graphic file (type png)

<use images/Visualizations/MCTSvsRANDOM/2000ms5x5.png>
Package pdftex.def Info: images/Visualizations/MCTSvsRANDOM/2000ms5x5.png used 
on input line 118.
(pdftex.def)             Requested size: 112.0187pt x 112.01733pt.

<images/Visualizations/MCTSvsRANDOM/2000ms7x7.png, id=306, 481.8pt x 481.8pt>
File: images/Visualizations/MCTSvsRANDOM/2000ms7x7.png Graphic file (type png)

<use images/Visualizations/MCTSvsRANDOM/2000ms7x7.png>
Package pdftex.def Info: images/Visualizations/MCTSvsRANDOM/2000ms7x7.png used 
on input line 119.
(pdftex.def)             Requested size: 112.0187pt x 112.01733pt.

<images/Visualizations/MCTSvsRANDOM/2000ms9x9.png, id=307, 481.8pt x 481.8pt>
File: images/Visualizations/MCTSvsRANDOM/2000ms9x9.png Graphic file (type png)

<use images/Visualizations/MCTSvsRANDOM/2000ms9x9.png>
Package pdftex.def Info: images/Visualizations/MCTSvsRANDOM/2000ms9x9.png used 
on input line 120.
(pdftex.def)             Requested size: 112.0187pt x 112.01733pt.

<images/Visualizations/MCTSvsRANDOM/2000ms11x11.png, id=308, 481.8pt x 481.8pt>
File: images/Visualizations/MCTSvsRANDOM/2000ms11x11.png Graphic file (type png
)
<use images/Visualizations/MCTSvsRANDOM/2000ms11x11.png>
Package pdftex.def Info: images/Visualizations/MCTSvsRANDOM/2000ms11x11.png use
d on input line 121.
(pdftex.def)             Requested size: 112.0187pt x 112.01733pt.

<images/Visualizations/MCTSvsRANDOM/4000ms5x5.png, id=309, 481.8pt x 481.8pt>
File: images/Visualizations/MCTSvsRANDOM/4000ms5x5.png Graphic file (type png)

<use images/Visualizations/MCTSvsRANDOM/4000ms5x5.png>
Package pdftex.def Info: images/Visualizations/MCTSvsRANDOM/4000ms5x5.png used 
on input line 123.
(pdftex.def)             Requested size: 112.0187pt x 112.01733pt.

<images/Visualizations/MCTSvsRANDOM/4000ms7x7.png, id=310, 481.8pt x 481.8pt>
File: images/Visualizations/MCTSvsRANDOM/4000ms7x7.png Graphic file (type png)

<use images/Visualizations/MCTSvsRANDOM/4000ms7x7.png>
Package pdftex.def Info: images/Visualizations/MCTSvsRANDOM/4000ms7x7.png used 
on input line 124.
(pdftex.def)             Requested size: 112.0187pt x 112.01733pt.

<images/Visualizations/MCTSvsRANDOM/4000ms9x9.png, id=311, 481.8pt x 481.8pt>
File: images/Visualizations/MCTSvsRANDOM/4000ms9x9.png Graphic file (type png)

<use images/Visualizations/MCTSvsRANDOM/4000ms9x9.png>
Package pdftex.def Info: images/Visualizations/MCTSvsRANDOM/4000ms9x9.png used 
on input line 125.
(pdftex.def)             Requested size: 112.0187pt x 112.01733pt.

<images/Visualizations/MCTSvsRANDOM/4000ms11x11.png, id=312, 481.8pt x 481.8pt>
File: images/Visualizations/MCTSvsRANDOM/4000ms11x11.png Graphic file (type png
)
<use images/Visualizations/MCTSvsRANDOM/4000ms11x11.png>
Package pdftex.def Info: images/Visualizations/MCTSvsRANDOM/4000ms11x11.png use
d on input line 126.
(pdftex.def)             Requested size: 112.0187pt x 112.01733pt.

<images/Visualizations/MCTSvsRANDOM/8000ms5x5.png, id=313, 481.8pt x 481.8pt>
File: images/Visualizations/MCTSvsRANDOM/8000ms5x5.png Graphic file (type png)

<use images/Visualizations/MCTSvsRANDOM/8000ms5x5.png>
Package pdftex.def Info: images/Visualizations/MCTSvsRANDOM/8000ms5x5.png used 
on input line 128.
(pdftex.def)             Requested size: 112.0187pt x 112.01733pt.

<images/Visualizations/MCTSvsRANDOM/8000ms7x7.png, id=314, 481.8pt x 481.8pt>
File: images/Visualizations/MCTSvsRANDOM/8000ms7x7.png Graphic file (type png)

<use images/Visualizations/MCTSvsRANDOM/8000ms7x7.png>
Package pdftex.def Info: images/Visualizations/MCTSvsRANDOM/8000ms7x7.png used 
on input line 129.
(pdftex.def)             Requested size: 112.0187pt x 112.01733pt.

<images/Visualizations/MCTSvsRANDOM/8000ms9x9.png, id=315, 481.8pt x 481.8pt>
File: images/Visualizations/MCTSvsRANDOM/8000ms9x9.png Graphic file (type png)

<use images/Visualizations/MCTSvsRANDOM/8000ms9x9.png>
Package pdftex.def Info: images/Visualizations/MCTSvsRANDOM/8000ms9x9.png used 
on input line 130.
(pdftex.def)             Requested size: 112.0187pt x 112.01733pt.

<images/Visualizations/MCTSvsRANDOM/8000ms11x11.png, id=316, 481.8pt x 481.8pt>
File: images/Visualizations/MCTSvsRANDOM/8000ms11x11.png Graphic file (type png
)
<use images/Visualizations/MCTSvsRANDOM/8000ms11x11.png>
Package pdftex.def Info: images/Visualizations/MCTSvsRANDOM/8000ms11x11.png use
d on input line 131.
(pdftex.def)             Requested size: 112.0187pt x 112.01733pt.

Overfull \hbox (5.54936pt too wide) in paragraph at lines 107--133
 [][] 
 []

<images/Visualizations/ANNvsRANDOM/500ms5x5.png, id=317, 481.8pt x 481.8pt>
File: images/Visualizations/ANNvsRANDOM/500ms5x5.png Graphic file (type png)

<use images/Visualizations/ANNvsRANDOM/500ms5x5.png>
Package pdftex.def Info: images/Visualizations/ANNvsRANDOM/500ms5x5.png used on
 input line 140.
(pdftex.def)             Requested size: 112.0187pt x 112.01733pt.

<images/Visualizations/ANNvsRANDOM/500ms7x7.png, id=318, 481.8pt x 481.8pt>
File: images/Visualizations/ANNvsRANDOM/500ms7x7.png Graphic file (type png)

<use images/Visualizations/ANNvsRANDOM/500ms7x7.png>
Package pdftex.def Info: images/Visualizations/ANNvsRANDOM/500ms7x7.png used on
 input line 141.
(pdftex.def)             Requested size: 112.0187pt x 112.01733pt.

<images/Visualizations/ANNvsRANDOM/500ms9x9.png, id=319, 481.8pt x 481.8pt>
File: images/Visualizations/ANNvsRANDOM/500ms9x9.png Graphic file (type png)

<use images/Visualizations/ANNvsRANDOM/500ms9x9.png>
Package pdftex.def Info: images/Visualizations/ANNvsRANDOM/500ms9x9.png used on
 input line 142.
(pdftex.def)             Requested size: 112.0187pt x 112.01733pt.

<images/Visualizations/ANNvsRANDOM/500ms11x11.png, id=320, 481.8pt x 481.8pt>
File: images/Visualizations/ANNvsRANDOM/500ms11x11.png Graphic file (type png)

<use images/Visualizations/ANNvsRANDOM/500ms11x11.png>
Package pdftex.def Info: images/Visualizations/ANNvsRANDOM/500ms11x11.png used 
on input line 143.
(pdftex.def)             Requested size: 112.0187pt x 112.01733pt.

<images/Visualizations/ANNvsRANDOM/1000ms5x5.png, id=321, 481.8pt x 481.8pt>
File: images/Visualizations/ANNvsRANDOM/1000ms5x5.png Graphic file (type png)

<use images/Visualizations/ANNvsRANDOM/1000ms5x5.png>
Package pdftex.def Info: images/Visualizations/ANNvsRANDOM/1000ms5x5.png used o
n input line 145.
(pdftex.def)             Requested size: 112.0187pt x 112.01733pt.

<images/Visualizations/ANNvsRANDOM/1000ms7x7.png, id=322, 481.8pt x 481.8pt>
File: images/Visualizations/ANNvsRANDOM/1000ms7x7.png Graphic file (type png)

<use images/Visualizations/ANNvsRANDOM/1000ms7x7.png>
Package pdftex.def Info: images/Visualizations/ANNvsRANDOM/1000ms7x7.png used o
n input line 146.
(pdftex.def)             Requested size: 112.0187pt x 112.01733pt.

<images/Visualizations/ANNvsRANDOM/1000ms9x9.png, id=323, 481.8pt x 481.8pt>
File: images/Visualizations/ANNvsRANDOM/1000ms9x9.png Graphic file (type png)

<use images/Visualizations/ANNvsRANDOM/1000ms9x9.png>
Package pdftex.def Info: images/Visualizations/ANNvsRANDOM/1000ms9x9.png used o
n input line 147.
(pdftex.def)             Requested size: 112.0187pt x 112.01733pt.

<images/Visualizations/ANNvsRANDOM/1000ms11x11.png, id=324, 481.8pt x 481.8pt>
File: images/Visualizations/ANNvsRANDOM/1000ms11x11.png Graphic file (type png)


<use images/Visualizations/ANNvsRANDOM/1000ms11x11.png>
Package pdftex.def Info: images/Visualizations/ANNvsRANDOM/1000ms11x11.png used
 on input line 148.
(pdftex.def)             Requested size: 112.0187pt x 112.01733pt.

<images/Visualizations/ANNvsRANDOM/2000ms5x5.png, id=325, 481.8pt x 481.8pt>
File: images/Visualizations/ANNvsRANDOM/2000ms5x5.png Graphic file (type png)

<use images/Visualizations/ANNvsRANDOM/2000ms5x5.png>
Package pdftex.def Info: images/Visualizations/ANNvsRANDOM/2000ms5x5.png used o
n input line 150.
(pdftex.def)             Requested size: 112.0187pt x 112.01733pt.

<images/Visualizations/ANNvsRANDOM/2000ms7x7.png, id=326, 481.8pt x 481.8pt>
File: images/Visualizations/ANNvsRANDOM/2000ms7x7.png Graphic file (type png)

<use images/Visualizations/ANNvsRANDOM/2000ms7x7.png>
Package pdftex.def Info: images/Visualizations/ANNvsRANDOM/2000ms7x7.png used o
n input line 151.
(pdftex.def)             Requested size: 112.0187pt x 112.01733pt.

<images/Visualizations/ANNvsRANDOM/2000ms9x9.png, id=327, 481.8pt x 481.8pt>
File: images/Visualizations/ANNvsRANDOM/2000ms9x9.png Graphic file (type png)

<use images/Visualizations/ANNvsRANDOM/2000ms9x9.png>
Package pdftex.def Info: images/Visualizations/ANNvsRANDOM/2000ms9x9.png used o
n input line 152.
(pdftex.def)             Requested size: 112.0187pt x 112.01733pt.

<images/Visualizations/ANNvsRANDOM/2000ms11x11.png, id=328, 481.8pt x 481.8pt>
File: images/Visualizations/ANNvsRANDOM/2000ms11x11.png Graphic file (type png)


<use images/Visualizations/ANNvsRANDOM/2000ms11x11.png>
Package pdftex.def Info: images/Visualizations/ANNvsRANDOM/2000ms11x11.png used
 on input line 153.
(pdftex.def)             Requested size: 112.0187pt x 112.01733pt.

<images/Visualizations/ANNvsRANDOM/4000ms5x5.png, id=329, 481.8pt x 481.8pt>
File: images/Visualizations/ANNvsRANDOM/4000ms5x5.png Graphic file (type png)

<use images/Visualizations/ANNvsRANDOM/4000ms5x5.png>
Package pdftex.def Info: images/Visualizations/ANNvsRANDOM/4000ms5x5.png used o
n input line 155.
(pdftex.def)             Requested size: 112.0187pt x 112.01733pt.

<images/Visualizations/ANNvsRANDOM/4000ms7x7.png, id=330, 481.8pt x 481.8pt>
File: images/Visualizations/ANNvsRANDOM/4000ms7x7.png Graphic file (type png)

<use images/Visualizations/ANNvsRANDOM/4000ms7x7.png>
Package pdftex.def Info: images/Visualizations/ANNvsRANDOM/4000ms7x7.png used o
n input line 156.
(pdftex.def)             Requested size: 112.0187pt x 112.01733pt.

<images/Visualizations/ANNvsRANDOM/4000ms9x9.png, id=331, 481.8pt x 481.8pt>
File: images/Visualizations/ANNvsRANDOM/4000ms9x9.png Graphic file (type png)

<use images/Visualizations/ANNvsRANDOM/4000ms9x9.png>
Package pdftex.def Info: images/Visualizations/ANNvsRANDOM/4000ms9x9.png used o
n input line 157.
(pdftex.def)             Requested size: 112.0187pt x 112.01733pt.

<images/Visualizations/ANNvsRANDOM/4000ms11x11.png, id=332, 481.8pt x 481.8pt>
File: images/Visualizations/ANNvsRANDOM/4000ms11x11.png Graphic file (type png)


<use images/Visualizations/ANNvsRANDOM/4000ms11x11.png>
Package pdftex.def Info: images/Visualizations/ANNvsRANDOM/4000ms11x11.png used
 on input line 158.
(pdftex.def)             Requested size: 112.0187pt x 112.01733pt.

<images/Visualizations/ANNvsRANDOM/8000ms5x5.png, id=333, 481.8pt x 481.8pt>
File: images/Visualizations/ANNvsRANDOM/8000ms5x5.png Graphic file (type png)

<use images/Visualizations/ANNvsRANDOM/8000ms5x5.png>
Package pdftex.def Info: images/Visualizations/ANNvsRANDOM/8000ms5x5.png used o
n input line 160.
(pdftex.def)             Requested size: 112.0187pt x 112.01733pt.

<images/Visualizations/ANNvsRANDOM/8000ms7x7.png, id=334, 481.8pt x 481.8pt>
File: images/Visualizations/ANNvsRANDOM/8000ms7x7.png Graphic file (type png)

<use images/Visualizations/ANNvsRANDOM/8000ms7x7.png>
Package pdftex.def Info: images/Visualizations/ANNvsRANDOM/8000ms7x7.png used o
n input line 161.
(pdftex.def)             Requested size: 112.0187pt x 112.01733pt.

<images/Visualizations/ANNvsRANDOM/8000ms9x9.png, id=335, 481.8pt x 481.8pt>
File: images/Visualizations/ANNvsRANDOM/8000ms9x9.png Graphic file (type png)

<use images/Visualizations/ANNvsRANDOM/8000ms9x9.png>
Package pdftex.def Info: images/Visualizations/ANNvsRANDOM/8000ms9x9.png used o
n input line 162.
(pdftex.def)             Requested size: 112.0187pt x 112.01733pt.

<images/Visualizations/ANNvsRANDOM/8000ms11x11.png, id=336, 481.8pt x 481.8pt>
File: images/Visualizations/ANNvsRANDOM/8000ms11x11.png Graphic file (type png)


<use images/Visualizations/ANNvsRANDOM/8000ms11x11.png>
Package pdftex.def Info: images/Visualizations/ANNvsRANDOM/8000ms11x11.png used
 on input line 163.
(pdftex.def)             Requested size: 112.0187pt x 112.01733pt.

Overfull \hbox (5.54936pt too wide) in paragraph at lines 139--165
 [][] 
 []

<images/Visualizations/GAvsRANDOM/500ms5x5.png, id=337, 481.8pt x 481.8pt>
File: images/Visualizations/GAvsRANDOM/500ms5x5.png Graphic file (type png)

<use images/Visualizations/GAvsRANDOM/500ms5x5.png>
Package pdftex.def Info: images/Visualizations/GAvsRANDOM/500ms5x5.png used on 
input line 172.
(pdftex.def)             Requested size: 112.0187pt x 112.01733pt.

<images/Visualizations/GAvsRANDOM/500ms7x7.png, id=338, 481.8pt x 481.8pt>
File: images/Visualizations/GAvsRANDOM/500ms7x7.png Graphic file (type png)

<use images/Visualizations/GAvsRANDOM/500ms7x7.png>
Package pdftex.def Info: images/Visualizations/GAvsRANDOM/500ms7x7.png used on 
input line 173.
(pdftex.def)             Requested size: 112.0187pt x 112.01733pt.

<images/Visualizations/GAvsRANDOM/500ms9x9.png, id=339, 481.8pt x 481.8pt>
File: images/Visualizations/GAvsRANDOM/500ms9x9.png Graphic file (type png)

<use images/Visualizations/GAvsRANDOM/500ms9x9.png>
Package pdftex.def Info: images/Visualizations/GAvsRANDOM/500ms9x9.png used on 
input line 174.
(pdftex.def)             Requested size: 112.0187pt x 112.01733pt.

<images/Visualizations/GAvsRANDOM/500ms11x11.png, id=340, 481.8pt x 481.8pt>
File: images/Visualizations/GAvsRANDOM/500ms11x11.png Graphic file (type png)

<use images/Visualizations/GAvsRANDOM/500ms11x11.png>
Package pdftex.def Info: images/Visualizations/GAvsRANDOM/500ms11x11.png used o
n input line 175.
(pdftex.def)             Requested size: 112.0187pt x 112.01733pt.

<images/Visualizations/GAvsRANDOM/1000ms5x5.png, id=341, 481.8pt x 481.8pt>
File: images/Visualizations/GAvsRANDOM/1000ms5x5.png Graphic file (type png)

<use images/Visualizations/GAvsRANDOM/1000ms5x5.png>
Package pdftex.def Info: images/Visualizations/GAvsRANDOM/1000ms5x5.png used on
 input line 177.
(pdftex.def)             Requested size: 112.0187pt x 112.01733pt.

<images/Visualizations/GAvsRANDOM/1000ms7x7.png, id=342, 481.8pt x 481.8pt>
File: images/Visualizations/GAvsRANDOM/1000ms7x7.png Graphic file (type png)

<use images/Visualizations/GAvsRANDOM/1000ms7x7.png>
Package pdftex.def Info: images/Visualizations/GAvsRANDOM/1000ms7x7.png used on
 input line 178.
(pdftex.def)             Requested size: 112.0187pt x 112.01733pt.

<images/Visualizations/GAvsRANDOM/1000ms9x9.png, id=343, 481.8pt x 481.8pt>
File: images/Visualizations/GAvsRANDOM/1000ms9x9.png Graphic file (type png)

<use images/Visualizations/GAvsRANDOM/1000ms9x9.png>
Package pdftex.def Info: images/Visualizations/GAvsRANDOM/1000ms9x9.png used on
 input line 179.
(pdftex.def)             Requested size: 112.0187pt x 112.01733pt.

<images/Visualizations/GAvsRANDOM/1000ms11x11.png, id=344, 481.8pt x 481.8pt>
File: images/Visualizations/GAvsRANDOM/1000ms11x11.png Graphic file (type png)

<use images/Visualizations/GAvsRANDOM/1000ms11x11.png>
Package pdftex.def Info: images/Visualizations/GAvsRANDOM/1000ms11x11.png used 
on input line 180.
(pdftex.def)             Requested size: 112.0187pt x 112.01733pt.

<images/Visualizations/GAvsRANDOM/2000ms5x5.png, id=345, 481.8pt x 481.8pt>
File: images/Visualizations/GAvsRANDOM/2000ms5x5.png Graphic file (type png)

<use images/Visualizations/GAvsRANDOM/2000ms5x5.png>
Package pdftex.def Info: images/Visualizations/GAvsRANDOM/2000ms5x5.png used on
 input line 182.
(pdftex.def)             Requested size: 112.0187pt x 112.01733pt.

<images/Visualizations/GAvsRANDOM/2000ms7x7.png, id=346, 481.8pt x 481.8pt>
File: images/Visualizations/GAvsRANDOM/2000ms7x7.png Graphic file (type png)

<use images/Visualizations/GAvsRANDOM/2000ms7x7.png>
Package pdftex.def Info: images/Visualizations/GAvsRANDOM/2000ms7x7.png used on
 input line 183.
(pdftex.def)             Requested size: 112.0187pt x 112.01733pt.

<images/Visualizations/GAvsRANDOM/2000ms9x9.png, id=347, 481.8pt x 481.8pt>
File: images/Visualizations/GAvsRANDOM/2000ms9x9.png Graphic file (type png)

<use images/Visualizations/GAvsRANDOM/2000ms9x9.png>
Package pdftex.def Info: images/Visualizations/GAvsRANDOM/2000ms9x9.png used on
 input line 184.
(pdftex.def)             Requested size: 112.0187pt x 112.01733pt.

<images/Visualizations/GAvsRANDOM/2000ms11x11.png, id=348, 481.8pt x 481.8pt>
File: images/Visualizations/GAvsRANDOM/2000ms11x11.png Graphic file (type png)

<use images/Visualizations/GAvsRANDOM/2000ms11x11.png>
Package pdftex.def Info: images/Visualizations/GAvsRANDOM/2000ms11x11.png used 
on input line 185.
(pdftex.def)             Requested size: 112.0187pt x 112.01733pt.

<images/Visualizations/GAvsRANDOM/4000ms5x5.png, id=349, 481.8pt x 481.8pt>
File: images/Visualizations/GAvsRANDOM/4000ms5x5.png Graphic file (type png)

<use images/Visualizations/GAvsRANDOM/4000ms5x5.png>
Package pdftex.def Info: images/Visualizations/GAvsRANDOM/4000ms5x5.png used on
 input line 187.
(pdftex.def)             Requested size: 112.0187pt x 112.01733pt.

<images/Visualizations/GAvsRANDOM/4000ms7x7.png, id=350, 481.8pt x 481.8pt>
File: images/Visualizations/GAvsRANDOM/4000ms7x7.png Graphic file (type png)

<use images/Visualizations/GAvsRANDOM/4000ms7x7.png>
Package pdftex.def Info: images/Visualizations/GAvsRANDOM/4000ms7x7.png used on
 input line 188.
(pdftex.def)             Requested size: 112.0187pt x 112.01733pt.

<images/Visualizations/GAvsRANDOM/4000ms9x9.png, id=351, 481.8pt x 481.8pt>
File: images/Visualizations/GAvsRANDOM/4000ms9x9.png Graphic file (type png)

<use images/Visualizations/GAvsRANDOM/4000ms9x9.png>
Package pdftex.def Info: images/Visualizations/GAvsRANDOM/4000ms9x9.png used on
 input line 189.
(pdftex.def)             Requested size: 112.0187pt x 112.01733pt.

<images/Visualizations/GAvsRANDOM/4000ms11x11.png, id=352, 481.8pt x 481.8pt>
File: images/Visualizations/GAvsRANDOM/4000ms11x11.png Graphic file (type png)

<use images/Visualizations/GAvsRANDOM/4000ms11x11.png>
Package pdftex.def Info: images/Visualizations/GAvsRANDOM/4000ms11x11.png used 
on input line 190.
(pdftex.def)             Requested size: 112.0187pt x 112.01733pt.

<images/Visualizations/GAvsRANDOM/8000ms5x5.png, id=353, 481.8pt x 481.8pt>
File: images/Visualizations/GAvsRANDOM/8000ms5x5.png Graphic file (type png)

<use images/Visualizations/GAvsRANDOM/8000ms5x5.png>
Package pdftex.def Info: images/Visualizations/GAvsRANDOM/8000ms5x5.png used on
 input line 192.
(pdftex.def)             Requested size: 112.0187pt x 112.01733pt.

<images/Visualizations/GAvsRANDOM/8000ms7x7.png, id=354, 481.8pt x 481.8pt>
File: images/Visualizations/GAvsRANDOM/8000ms7x7.png Graphic file (type png)

<use images/Visualizations/GAvsRANDOM/8000ms7x7.png>
Package pdftex.def Info: images/Visualizations/GAvsRANDOM/8000ms7x7.png used on
 input line 193.
(pdftex.def)             Requested size: 112.0187pt x 112.01733pt.

<images/Visualizations/GAvsRANDOM/8000ms9x9.png, id=355, 481.8pt x 481.8pt>
File: images/Visualizations/GAvsRANDOM/8000ms9x9.png Graphic file (type png)

<use images/Visualizations/GAvsRANDOM/8000ms9x9.png>
Package pdftex.def Info: images/Visualizations/GAvsRANDOM/8000ms9x9.png used on
 input line 194.
(pdftex.def)             Requested size: 112.0187pt x 112.01733pt.

<images/Visualizations/GAvsRANDOM/8000ms11x11.png, id=356, 481.8pt x 481.8pt>
File: images/Visualizations/GAvsRANDOM/8000ms11x11.png Graphic file (type png)

<use images/Visualizations/GAvsRANDOM/8000ms11x11.png>
Package pdftex.def Info: images/Visualizations/GAvsRANDOM/8000ms11x11.png used 
on input line 195.
(pdftex.def)             Requested size: 112.0187pt x 112.01733pt.

Overfull \hbox (5.54936pt too wide) in paragraph at lines 171--197
 [][] 
 []

[52




] [53 <./images/Visualizations/ANNvsMCTS/500ms5x5.png (PNG copy)> <./images/Vis
ualizations/ANNvsMCTS/500ms7x7.png (PNG copy)> <./images/Visualizations/ANNvsMC
TS/500ms9x9.png (PNG copy)> <./images/Visualizations/ANNvsMCTS/500ms11x11.png (
PNG copy)> <./images/Visualizations/ANNvsMCTS/1000ms5x5.png (PNG copy)> <./imag
es/Visualizations/ANNvsMCTS/1000ms7x7.png (PNG copy)> <./images/Visualizations/
ANNvsMCTS/1000ms9x9.png (PNG copy)> <./images/Visualizations/ANNvsMCTS/1000ms11
x11.png (PNG copy)> <./images/Visualizations/ANNvsMCTS/2000ms5x5.png (PNG copy)
> <./images/Visualizations/ANNvsMCTS/2000ms7x7.png (PNG copy)> <./images/Visual
izations/ANNvsMCTS/2000ms9x9.png (PNG copy)> <./images/Visualizations/ANNvsMCTS
/2000ms11x11.png (PNG copy)> <./images/Visualizations/ANNvsMCTS/4000ms5x5.png (
PNG copy)> <./images/Visualizations/ANNvsMCTS/4000ms7x7.png (PNG copy)> <./imag
es/Visualizations/ANNvsMCTS/4000ms9x9.png (PNG copy)> <./images/Visualizations/
ANNvsMCTS/4000ms11x11.png (PNG copy)> <./images/Visualizations/ANNvsMCTS/8000ms
5x5.png (PNG copy)> <./images/Visualizations/ANNvsMCTS/8000ms7x7.png (PNG copy)
> <./images/Visualizations/ANNvsMCTS/8000ms9x9.png (PNG copy)> <./images/Visual
izations/ANNvsMCTS/8000ms11x11.png (PNG copy)>] [54 <./images/Visualizations/GA
vsMCTS/500ms5x5.png (PNG copy)> <./images/Visualizations/GAvsMCTS/500ms7x7.png 
(PNG copy)> <./images/Visualizations/GAvsMCTS/500ms9x9.png (PNG copy)> <./image
s/Visualizations/GAvsMCTS/500ms11x11.png (PNG copy)> <./images/Visualizations/G
AvsMCTS/1000ms5x5.png (PNG copy)> <./images/Visualizations/GAvsMCTS/1000ms7x7.p
ng (PNG copy)> <./images/Visualizations/GAvsMCTS/1000ms9x9.png (PNG copy)> <./i
mages/Visualizations/GAvsMCTS/1000ms11x11.png (PNG copy)> <./images/Visualizati
ons/GAvsMCTS/2000ms5x5.png (PNG copy)> <./images/Visualizations/GAvsMCTS/2000ms
7x7.png (PNG copy)> <./images/Visualizations/GAvsMCTS/2000ms9x9.png (PNG copy)>
 <./images/Visualizations/GAvsMCTS/2000ms11x11.png (PNG copy)> <./images/Visual
izations/GAvsMCTS/4000ms5x5.png (PNG copy)> <./images/Visualizations/GAvsMCTS/4
000ms7x7.png (PNG copy)> <./images/Visualizations/GAvsMCTS/4000ms9x9.png (PNG c
opy)> <./images/Visualizations/GAvsMCTS/4000ms11x11.png (PNG copy)> <./images/V
isualizations/GAvsMCTS/8000ms5x5.png (PNG copy)> <./images/Visualizations/GAvsM
CTS/8000ms7x7.png (PNG copy)> <./images/Visualizations/GAvsMCTS/8000ms9x9.png (
PNG copy)> <./images/Visualizations/GAvsMCTS/8000ms11x11.png (PNG copy)>]
[55 <./images/Visualizations/GAvsANN/500ms5x5.png (PNG copy)> <./images/Visuali
zations/GAvsANN/500ms7x7.png (PNG copy)> <./images/Visualizations/GAvsANN/500ms
9x9.png (PNG copy)> <./images/Visualizations/GAvsANN/500ms11x11.png (PNG copy)>
 <./images/Visualizations/GAvsANN/1000ms5x5.png (PNG copy)> <./images/Visualiza
tions/GAvsANN/1000ms7x7.png (PNG copy)> <./images/Visualizations/GAvsANN/1000ms
9x9.png (PNG copy)> <./images/Visualizations/GAvsANN/1000ms11x11.png (PNG copy)
> <./images/Visualizations/GAvsANN/2000ms5x5.png (PNG copy)> <./images/Visualiz
ations/GAvsANN/2000ms7x7.png (PNG copy)> <./images/Visualizations/GAvsANN/2000m
s9x9.png (PNG copy)> <./images/Visualizations/GAvsANN/2000ms11x11.png (PNG copy
)> <./images/Visualizations/GAvsANN/4000ms5x5.png (PNG copy)> <./images/Visuali
zations/GAvsANN/4000ms7x7.png (PNG copy)> <./images/Visualizations/GAvsANN/4000
ms9x9.png (PNG copy)> <./images/Visualizations/GAvsANN/4000ms11x11.png (PNG cop
y)> <./images/Visualizations/GAvsANN/8000ms5x5.png (PNG copy)> <./images/Visual
izations/GAvsANN/8000ms7x7.png (PNG copy)> <./images/Visualizations/GAvsANN/800
0ms9x9.png (PNG copy)> <./images/Visualizations/GAvsANN/8000ms11x11.png (PNG co
py)>] [56 <./images/Visualizations/MCTSvsRANDOM/500ms5x5.png (PNG copy)> <./ima
ges/Visualizations/MCTSvsRANDOM/500ms7x7.png (PNG copy)> <./images/Visualizatio
ns/MCTSvsRANDOM/500ms9x9.png (PNG copy)> <./images/Visualizations/MCTSvsRANDOM/
500ms11x11.png (PNG copy)> <./images/Visualizations/MCTSvsRANDOM/1000ms5x5.png 
(PNG copy)> <./images/Visualizations/MCTSvsRANDOM/1000ms7x7.png (PNG copy)> <./
images/Visualizations/MCTSvsRANDOM/1000ms9x9.png (PNG copy)> <./images/Visualiz
ations/MCTSvsRANDOM/1000ms11x11.png (PNG copy)> <./images/Visualizations/MCTSvs
RANDOM/2000ms5x5.png (PNG copy)> <./images/Visualizations/MCTSvsRANDOM/2000ms7x
7.png (PNG copy)> <./images/Visualizations/MCTSvsRANDOM/2000ms9x9.png (PNG copy
)> <./images/Visualizations/MCTSvsRANDOM/2000ms11x11.png (PNG copy)> <./images/
Visualizations/MCTSvsRANDOM/4000ms5x5.png (PNG copy)> <./images/Visualizations/
MCTSvsRANDOM/4000ms7x7.png (PNG copy)> <./images/Visualizations/MCTSvsRANDOM/40
00ms9x9.png (PNG copy)> <./images/Visualizations/MCTSvsRANDOM/4000ms11x11.png (
PNG copy)> <./images/Visualizations/MCTSvsRANDOM/8000ms5x5.png (PNG copy)> <./i
mages/Visualizations/MCTSvsRANDOM/8000ms7x7.png (PNG copy)> <./images/Visualiza
tions/MCTSvsRANDOM/8000ms9x9.png (PNG copy)> <./images/Visualizations/MCTSvsRAN
DOM/8000ms11x11.png (PNG copy)>] [57 <./images/Visualizations/ANNvsRANDOM/500ms
5x5.png (PNG copy)> <./images/Visualizations/ANNvsRANDOM/500ms7x7.png (PNG copy
)> <./images/Visualizations/ANNvsRANDOM/500ms9x9.png (PNG copy)> <./images/Visu
alizations/ANNvsRANDOM/500ms11x11.png (PNG copy)> <./images/Visualizations/ANNv
sRANDOM/1000ms5x5.png (PNG copy)> <./images/Visualizations/ANNvsRANDOM/1000ms7x
7.png (PNG copy)> <./images/Visualizations/ANNvsRANDOM/1000ms9x9.png (PNG copy)
> <./images/Visualizations/ANNvsRANDOM/1000ms11x11.png (PNG copy)> <./images/Vi
sualizations/ANNvsRANDOM/2000ms5x5.png (PNG copy)> <./images/Visualizations/ANN
vsRANDOM/2000ms7x7.png (PNG copy)> <./images/Visualizations/ANNvsRANDOM/2000ms9
x9.png (PNG copy)> <./images/Visualizations/ANNvsRANDOM/2000ms11x11.png (PNG co
py)> <./images/Visualizations/ANNvsRANDOM/4000ms5x5.png (PNG copy)> <./images/V
isualizations/ANNvsRANDOM/4000ms7x7.png (PNG copy)> <./images/Visualizations/AN
NvsRANDOM/4000ms9x9.png (PNG copy)> <./images/Visualizations/ANNvsRANDOM/4000ms
11x11.png (PNG copy)> <./images/Visualizations/ANNvsRANDOM/8000ms5x5.png (PNG c
opy)> <./images/Visualizations/ANNvsRANDOM/8000ms7x7.png (PNG copy)> <./images/
Visualizations/ANNvsRANDOM/8000ms9x9.png (PNG copy)> <./images/Visualizations/A
NNvsRANDOM/8000ms11x11.png (PNG copy)>] [58 <./images/Visualizations/GAvsRANDOM
/500ms5x5.png (PNG copy)> <./images/Visualizations/GAvsRANDOM/500ms7x7.png (PNG
 copy)> <./images/Visualizations/GAvsRANDOM/500ms9x9.png (PNG copy)> <./images/
Visualizations/GAvsRANDOM/500ms11x11.png (PNG copy)> <./images/Visualizations/G
AvsRANDOM/1000ms5x5.png (PNG copy)> <./images/Visualizations/GAvsRANDOM/1000ms7
x7.png (PNG copy)> <./images/Visualizations/GAvsRANDOM/1000ms9x9.png (PNG copy)
> <./images/Visualizations/GAvsRANDOM/1000ms11x11.png (PNG copy)> <./images/Vis
ualizations/GAvsRANDOM/2000ms5x5.png (PNG copy)> <./images/Visualizations/GAvsR
ANDOM/2000ms7x7.png (PNG copy)> <./images/Visualizations/GAvsRANDOM/2000ms9x9.p
ng (PNG copy)> <./images/Visualizations/GAvsRANDOM/2000ms11x11.png (PNG copy)> 
<./images/Visualizations/GAvsRANDOM/4000ms5x5.png (PNG copy)> <./images/Visuali
zations/GAvsRANDOM/4000ms7x7.png (PNG copy)> <./images/Visualizations/GAvsRANDO
M/4000ms9x9.png (PNG copy)> <./images/Visualizations/GAvsRANDOM/4000ms11x11.png
 (PNG copy)> <./images/Visualizations/GAvsRANDOM/8000ms5x5.png (PNG copy)> <./i
mages/Visualizations/GAvsRANDOM/8000ms7x7.png (PNG copy)> <./images/Visualizati
ons/GAvsRANDOM/8000ms9x9.png (PNG copy)> <./images/Visualizations/GAvsRANDOM/80
00ms11x11.png (PNG copy)>]
Appendix B.
(../src/ANNAgent.java [59


] [60] [61] [62] [63] [64] [65] [66] [67] [68]
[69] [70]) (../src/Board.java [71] [72]) (../src/GAAgent.java [73] [74]
[75] [76] [77] [78] [79] [80] [81] [82] [83] [84] [85]) (../src/GAWeight.java
[86] [87] [88] [89] [90] [91] [92] [93] [94] [95] [96] [97] [98] [99])
(../src/Game.java [100]) (../src/GameAgent.java [101] [102])
(../src/GameController.java [103] [104] [105] [106] [107] [108] [109] [110]
[111]) [112] (../src/GoGame.java [113] [114] [115] [116] [117] [118] [119]
[120]) (../src/HexGame.java [121] [122] [123] [124] [125] [126] [127] [128]
[129]) [130] (../src/JCommanderInput.java [131] [132]) [133]
(../src/MCTSAgent.java [134] [135] [136] [137] [138] [139] [140])
(../src/NEATAgent.java [141] [142] [143] [144] [145] [146] [147] [148] [149]
[150] [151] [152]) (../src/NEATTrainer.java [153] [154] [155] [156] [157]
[158] [159] [160]) (../src/NetworkTrainer.java [161] [162] [163] [164] [165]
[166] [167] [168]) (../src/NNTest.java [169] [170] [171]) (../src/Node.java
[172] [173] [174] [175]) (../src/Pair.java [176] [177]) (../src/Queue.java
[178] [179]) (../src/RandomAgent.java [180] [181]) (../src/TestNetworks.java
[182] [183] [184])) [185]
Underfull \hbox (badness 3547) in paragraph at lines 284--285
[]$\OT1/cmtt/m/n/12 http : / / www . policonomics . com / perfect-[]imperfect-[
]information/$\OT1/cmr/m/n/12 , Poli-co-
 []

[186



] [187]
Missing character: There is no  in font cmti12!
Missing character: There is no  in font cmti12!
Missing character: There is no  in font cmti12!
Missing character: There is no  in font cmti12!
Missing character: There is no  in font cmti12!
Missing character: There is no  in font cmti12!
 [188]
Underfull \hbox (badness 10000) in paragraph at lines 345--346
[]\OT1/cmr/m/n/12 Cornell Math Ex-plorer's Club, $\OT1/cmtt/m/n/12 http : / / w
ww . math . cornell . edu / mec /
 []

[189]
THEPAGE 190
[190] (./AllegThesis.aux (./abstract.aux) (./ack.aux) (./ch01_overview.aux)
(./ch02_relatedwork.aux) (./ch03_methodofapproach.aux)
(./ch04_implementation.aux) (./ch05_conclusion.aux) (./appa.aux)) ) 
Here is how much of TeX's memory you used:
 17460 strings out of 493029
 341488 string characters out of 6136234
 500240 words of memory out of 5000000
 20521 multiletter control sequences out of 15000+600000
 11878 words of font info for 45 fonts, out of 8000000 for 9000
 1144 hyphenation exceptions out of 8191
 55i,18n,70p,1209b,1585s stack positions out of 5000i,500n,10000p,200000b,80000s
</usr/share/
texlive/texmf-dist/fonts/type1/public/amsfonts/cm/cmbx10.pfb></usr/share/texliv
e/texmf-dist/fonts/type1/public/amsfonts/cm/cmbx12.pfb></usr/share/texlive/texm
f-dist/fonts/type1/public/amsfonts/cm/cmbx8.pfb></usr/share/texlive/texmf-dist/
fonts/type1/public/amsfonts/cm/cmex10.pfb></usr/share/texlive/texmf-dist/fonts/
type1/public/amsfonts/cm/cmitt10.pfb></usr/share/texlive/texmf-dist/fonts/type1
/public/amsfonts/cm/cmmi12.pfb></usr/share/texlive/texmf-dist/fonts/type1/publi
c/amsfonts/cm/cmmi8.pfb></usr/share/texlive/texmf-dist/fonts/type1/public/amsfo
nts/cm/cmr10.pfb></usr/share/texlive/texmf-dist/fonts/type1/public/amsfonts/cm/
cmr12.pfb></usr/share/texlive/texmf-dist/fonts/type1/public/amsfonts/cm/cmr8.pf
b></usr/share/texlive/texmf-dist/fonts/type1/public/amsfonts/cm/cmsy10.pfb></us
r/share/texlive/texmf-dist/fonts/type1/public/amsfonts/cm/cmsy8.pfb></usr/share
/texlive/texmf-dist/fonts/type1/public/amsfonts/cm/cmti12.pfb></usr/share/texli
ve/texmf-dist/fonts/type1/public/amsfonts/cm/cmtt10.pfb></usr/share/texlive/tex
mf-dist/fonts/type1/public/amsfonts/cm/cmtt12.pfb>
Output written on AllegThesis.pdf (198 pages, 7124697 bytes).
PDF statistics:
 857 PDF objects out of 1000 (max. 8388607)
 489 compressed objects within 5 object streams
 0 named destinations out of 1000 (max. 500000)
 721 words of extra memory for PDF output out of 10000 (max. 10000000)

